PRT1
417
1240
4 0 2 (2048 3072 -16 ) (2048 3072 656 ) (2048 3184 656 ) (2048 3184 -16 ) 
4 0 1 (2048 3072 656 ) (2048 3072 -16 ) (2304 3072 -16 ) (2304 3072 656 ) 
4 1 60 (2304 2048 656 ) (2048 2048 656 ) (2048 2048 -16 ) (2304 2048 -16 ) 
4 1 10 (2048 2048 -16 ) (2048 2048 656 ) (2048 3072 656 ) (2048 3072 -16 ) 
4 2 10 (2048 3072 -16 ) (2048 3072 656 ) (1216 3072 656 ) (1216 3072 -16 ) 
4 2 3 (1216 3184 656 ) (1216 3184 -16 ) (1216 3072 -16 ) (1216 3072 656 ) 
4 3 10 (1216 3072 656 ) (1200 3072 656 ) (1200 3072 -16 ) (1216 3072 -16 ) 
4 3 5 (1200 3184 656 ) (1200 3184 -16 ) (1200 3072 -16 ) (1200 3072 656 ) 
4 3 4 (1200 3072 -16 ) (1200 3184 -16 ) (1216 3184 -16 ) (1216 3072 -16 ) 
4 4 12 (1200 3072 -16 ) (1200 3072 -592 ) (1216 3072 -592 ) (1216 3072 -16 ) 
4 4 5 (1200 3184 -16 ) (1200 3184 -592 ) (1200 3072 -592 ) (1200 3072 -16 ) 
4 5 12 (1024 3072 -16 ) (1024 3072 -592 ) (1200 3072 -592 ) (1200 3072 -16 ) 
4 5 11 (1200 3072 656 ) (1024 3072 656 ) (1024 3072 -16 ) (1200 3072 -16 ) 
4 5 7 (1024 3120 -592 ) (1024 3072 -592 ) (1024 3072 656 ) (1024 3120 656 ) 
4 5 6 (1024 3184 -592 ) (1024 3120 -592 ) (1024 3120 656 ) (1024 3184 656 ) 
4 6 71 (0 3120 656 ) (0 3184 656 ) (0 3184 -592 ) (0 3120 -592 ) 
4 6 8 (528 3120 408 ) (528 3120 656 ) (0 3120 656 ) (0 3120 408 ) 
4 6 9 (0 3120 -592 ) (528 3120 -592 ) (528 3120 -152 ) (0 3120 -152 ) 
4 6 7 (528 3120 -592 ) (1024 3120 -592 ) (1024 3120 656 ) (528 3120 656 ) 
4 7 15 (528 3072 -592 ) (1024 3072 -592 ) (1024 3072 -152 ) (528 3072 -152 ) 
4 7 13 (1024 3072 -152 ) (1024 3072 656 ) (528 3072 656 ) (528 3072 -152 ) 
4 7 8 (528 3120 656 ) (528 3120 408 ) (528 3072 408 ) (528 3072 656 ) 
4 7 9 (528 3120 -152 ) (528 3120 -592 ) (528 3072 -592 ) (528 3072 -152 ) 
4 8 72 (0 3072 408 ) (0 3072 656 ) (0 3120 656 ) (0 3120 408 ) 
4 8 14 (0 3072 656 ) (0 3072 408 ) (528 3072 408 ) (528 3072 656 ) 
4 9 73 (0 3072 -592 ) (0 3072 -152 ) (0 3120 -152 ) (0 3120 -592 ) 
4 9 15 (0 3072 -152 ) (0 3072 -592 ) (528 3072 -592 ) (528 3072 -152 ) 
4 10 62 (2048 2048 -16 ) (2048 2048 656 ) (1200 2048 656 ) (1200 2048 -16 ) 
4 10 12 (1216 2048 -16 ) (1200 2048 -16 ) (1200 3072 -16 ) (1216 3072 -16 ) 
4 10 11 (1200 3072 -16 ) (1200 2048 -16 ) (1200 2048 656 ) (1200 3072 656 ) 
4 11 63 (1200 2048 656 ) (1024 2048 656 ) (1024 2048 -16 ) (1200 2048 -16 ) 
4 11 56 (1024 2608 -16 ) (1024 2048 -16 ) (1024 2048 656 ) (1024 2608 656 ) 
4 11 29 (1024 2624 -16 ) (1024 2608 -16 ) (1024 2608 12 ) (1024 2624 12 ) 
4 11 28 (1024 2608 12 ) (1024 2608 656 ) (1024 2624 656 ) (1024 2624 12 ) 
4 11 24 (1024 2784 -16 ) (1024 2624 -16 ) (1024 2624 656 ) (1024 2784 656 ) 
4 11 23 (1024 2800 -16 ) (1024 2784 -16 ) (1024 2784 8 ) (1024 2800 8 ) 
4 11 16 (1024 2784 8 ) (1024 2784 656 ) (1024 2800 656 ) (1024 2800 8 ) 
4 11 13 (1024 3072 656 ) (1024 3072 -16 ) (1024 2800 -16 ) (1024 2800 656 ) 
4 11 12 (1200 2048 -16 ) (1024 2048 -16 ) (1024 3072 -16 ) (1200 3072 -16 ) 
4 12 64 (1216 2048 -16 ) (1024 2048 -16 ) (1024 2048 -592 ) (1216 2048 -592 ) 
4 12 59 (1024 2608 -592 ) (1024 2048 -592 ) (1024 2048 -152 ) (1024 2608 -152 ) 
4 12 56 (1024 2048 -152 ) (1024 2048 -16 ) (1024 2608 -16 ) (1024 2608 -152 ) 
4 12 31 (1024 2800 -592 ) (1024 2608 -592 ) (1024 2608 -144 ) (1024 2800 -144 ) 
4 12 29 (1024 2608 -144 ) (1024 2608 -16 ) (1024 2624 -16 ) (1024 2624 -144 ) 
4 12 25 (1024 2784 -128 ) (1024 2784 -144 ) (1024 2624 -144 ) (1024 2624 -128 ) 
4 12 24 (1024 2624 -16 ) (1024 2784 -16 ) (1024 2784 -128 ) (1024 2624 -128 ) 
4 12 23 (1024 2784 -16 ) (1024 2800 -16 ) (1024 2800 -144 ) (1024 2784 -144 ) 
4 12 15 (1024 3072 -152 ) (1024 3072 -592 ) (1024 2800 -592 ) (1024 2800 -152 ) 
4 12 13 (1024 3072 -16 ) (1024 3072 -152 ) (1024 2800 -152 ) (1024 2800 -16 ) 
4 13 31 (528 2800 -152 ) (1024 2800 -152 ) (1024 2800 -144 ) (528 2800 -144 ) 
4 13 23 (1024 2800 -144 ) (1024 2800 8 ) (528 2800 8 ) (528 2800 -144 ) 
4 13 16 (1024 2800 8 ) (1024 2800 656 ) (528 2800 656 ) (528 2800 8 ) 
4 13 15 (1024 2800 -152 ) (528 2800 -152 ) (528 3072 -152 ) (1024 3072 -152 ) 
4 13 14 (528 2800 408 ) (528 2800 656 ) (528 3072 656 ) (528 3072 408 ) 
4 14 76 (0 2800 408 ) (0 2800 656 ) (0 3072 656 ) (0 3072 408 ) 
4 14 47 (16 2800 408 ) (32 2800 408 ) (32 2800 656 ) (16 2800 656 ) 
4 14 48 (0 2800 656 ) (0 2800 408 ) (16 2800 408 ) (16 2800 656 ) 
4 14 32 (32 2800 408 ) (128 2800 408 ) (128 2800 656 ) (32 2800 656 ) 
4 14 19 (328 2800 408 ) (344 2800 408 ) (344 2800 656 ) (328 2800 656 ) 
4 14 16 (344 2800 408 ) (528 2800 408 ) (528 2800 656 ) (344 2800 656 ) 
4 14 22 (128 2800 408 ) (328 2800 408 ) (328 2800 656 ) (128 2800 656 ) 
4 15 90 (0 2800 -592 ) (0 2800 -152 ) (0 3072 -152 ) (0 3072 -592 ) 
4 15 55 (0 2800 -152 ) (0 2800 -592 ) (32 2800 -592 ) (32 2800 -152 ) 
4 15 46 (32 2800 -592 ) (128 2800 -592 ) (128 2800 -152 ) (32 2800 -152 ) 
4 15 31 (128 2800 -592 ) (1024 2800 -592 ) (1024 2800 -152 ) (128 2800 -152 ) 
4 16 24 (344 2784 8 ) (1024 2784 8 ) (1024 2784 656 ) (344 2784 656 ) 
4 16 23 (1024 2784 8 ) (344 2784 8 ) (344 2800 8 ) (1024 2800 8 ) 
4 16 19 (344 2796 656 ) (344 2800 656 ) (344 2800 144 ) (344 2796 140 ) 
4 16 17 (344 2792 128 ) (344 2792 656 ) (344 2796 656 ) (344 2796 128 ) 
4 16 20 (344 2800 8 ) (344 2792 8 ) (344 2792 128 ) (344 2800 128 ) 
4 16 21 (344 2792 8 ) (344 2784 8 ) (344 2784 656 ) (344 2792 656 ) 
4 17 19 (344 2796 656 ) (344 2796 140 ) (340 2792 136 ) (340 2792 656 ) 
3 17 20 (344 2792 128 ) (340 2792 128 ) (344 2796 128 ) 
4 17 21 (340 2792 128 ) (344 2792 128 ) (344 2792 656 ) (340 2792 656 ) 
4 18 19 (332 2792 656 ) (332 2792 136 ) (328 2796 140 ) (328 2796 656 ) 
4 18 21 (328 2792 656 ) (328 2792 128 ) (331.997833 2792 128 ) (331.997833 2792 656 ) 
4 18 22 (328 2792 128 ) (328 2792 656 ) (328 2795.998047 656 ) (328 2795.998047 128 ) 
3 18 20 (331.997833 2792 128 ) (328 2792 128 ) (328 2795.998047 128 ) 
4 19 22 (328 2795.998047 656 ) (328 2800 656 ) (328 2800 144 ) (328 2795.998047 139.998032 ) 
4 19 21 (340 2792 136 ) (340 2792 656 ) (331.997833 2792 656 ) (331.997833 2792 136 ) 
4 20 23 (328 2792 8 ) (328 2800 8 ) (344 2800 8 ) (344 2792 8 ) 
4 20 21 (328 2792 128 ) (328 2792 8 ) (344 2792 8 ) (344 2792 128 ) 
4 20 22 (328 2800 8 ) (328 2792 8 ) (328 2792 128 ) (328 2800 128 ) 
4 21 24 (328 2784 8 ) (344 2784 8 ) (344 2784 656 ) (328 2784 656 ) 
4 21 23 (344 2784 8 ) (328 2784 8 ) (328 2792 8 ) (344 2792 8 ) 
4 21 22 (328 2792 8 ) (328 2784 8 ) (328 2784 656 ) (328 2792 656 ) 
4 22 32 (128 2800 656 ) (128 2800 8 ) (128 2784 8 ) (128 2784 656 ) 
4 22 24 (128 2784 656 ) (128 2784 8 ) (328 2784 8 ) (328 2784 656 ) 
4 22 23 (328 2784 8 ) (144 2784 8 ) (144 2800 8 ) (328 2800 8 ) 
4 23 31 (144 2800 -144 ) (1024 2800 -144 ) (1024 2784 -144 ) (144 2784 -144 ) 
4 23 26 (144 2784 -144 ) (528 2784 -144 ) (528 2784 -128 ) (144 2784 -128 ) 
4 23 25 (528 2784 -144 ) (1024 2784 -144 ) (1024 2784 -128 ) (528 2784 -128 ) 
4 23 24 (1024 2784 -128 ) (1024 2784 8 ) (144 2784 8 ) (144 2784 -128 ) 
4 24 40 (128 2624 -128 ) (128 2624 -8 ) (128 2784 -8 ) (128 2784 -128 ) 
4 24 35 (128 2624 -8 ) (128 2624 -4 ) (128 2784 -4 ) (128 2784 -8 ) 
4 24 33 (128 2624 -4 ) (128 2624 656 ) (128 2784 656 ) (128 2784 -4 ) 
4 24 29 (144 2624 -128 ) (1024 2624 -128 ) (1024 2624 12 ) (144 2624 12 ) 
4 24 28 (128 2624 656 ) (128 2624 12 ) (1024 2624 12 ) (1024 2624 656 ) 
4 24 26 (128 2768 -128 ) (128 2784 -128 ) (528 2784 -128 ) (528 2768 -128 ) 
4 24 27 (528 2624 -128 ) (128 2624 -128 ) (128 2640 -128 ) (528 2640 -128 ) 
4 24 25 (1024 2624 -128 ) (528 2624 -128 ) (528 2784 -128 ) (1024 2784 -128 ) 
4 25 31 (528 2784 -144 ) (1024 2784 -144 ) (1024 2624 -144 ) (528 2624 -144 ) 
4 25 29 (528 2624 -144 ) (1024 2624 -144 ) (1024 2624 -128 ) (528 2624 -128 ) 
4 25 26 (528 2768 -128 ) (528 2784 -128 ) (528 2784 -144 ) (528 2768 -144 ) 
4 25 27 (528 2624 -144 ) (528 2624 -128 ) (528 2640 -128 ) (528 2640 -144 ) 
4 26 31 (128 2768 -144 ) (128 2784 -144 ) (528 2784 -144 ) (528 2768 -144 ) 
4 27 31 (128 2624 -144 ) (128 2640 -144 ) (528 2640 -144 ) (528 2624 -144 ) 
4 27 30 (128 2624 -140 ) (128 2624 -144 ) (144 2624 -144 ) (144 2624 -140 ) 
4 27 29 (144 2624 -144 ) (528 2624 -144 ) (528 2624 -128 ) (144 2624 -128 ) 
4 28 57 (528 2608 656 ) (128 2608 656 ) (128 2608 408 ) (528 2608 408 ) 
4 28 56 (1024 2608 12 ) (1024 2608 656 ) (528 2608 656 ) (528 2608 12 ) 
4 28 34 (128 2608 12 ) (128 2608 656 ) (128 2624 656 ) (128 2624 12 ) 
4 28 29 (1024 2608 12 ) (144 2608 12 ) (144 2624 12 ) (1024 2624 12 ) 
4 29 56 (1024 2608 -144 ) (1024 2608 12 ) (528 2608 12 ) (528 2608 -144 ) 
4 29 31 (1024 2608 -144 ) (144 2608 -144 ) (144 2624 -144 ) (1024 2624 -144 ) 
4 29 30 (144 2624 -140 ) (144 2624 -144 ) (144 2608 -144 ) (144 2608 -140 ) 
4 30 45 (128 2616 -144 ) (128 2608 -144 ) (128 2608 -140 ) (128 2616 -140 ) 
4 30 31 (144 2608 -144 ) (128 2608 -144 ) (128 2624 -144 ) (144 2624 -144 ) 
4 31 59 (1024 2608 -592 ) (1024 2608 -152 ) (128 2608 -152 ) (128 2608 -592 ) 
4 31 56 (1024 2608 -152 ) (1024 2608 -144 ) (528 2608 -144 ) (528 2608 -152 ) 
4 31 46 (128 2800 -144 ) (128 2800 -592 ) (128 2608 -592 ) (128 2608 -144 ) 
4 32 47 (32 2800 656 ) (32 2800 8 ) (32 2784 8 ) (32 2784 656 ) 
4 32 33 (128 2784 8 ) (128 2784 656 ) (32 2784 656 ) (32 2784 8 ) 
4 33 50 (32 2768 -4 ) (32 2640 -4 ) (32 2640 656 ) (32 2768 656 ) 
4 33 49 (32 2784 -4 ) (32 2768 -4 ) (32 2768 656 ) (32 2784 656 ) 
4 33 51 (32 2640 -4 ) (32 2624 -4 ) (32 2624 656 ) (32 2640 656 ) 
4 33 35 (32 2624 -4 ) (32 2784 -4 ) (128 2784 -4 ) (128 2624 -4 ) 
4 33 34 (128 2624 12 ) (128 2624 656 ) (32 2624 656 ) (32 2624 12 ) 
4 34 57 (128 2608 408 ) (128 2608 656 ) (32 2608 656 ) (32 2608 408 ) 
4 34 52 (32 2608 12 ) (32 2608 656 ) (32 2624 656 ) (32 2624 12 ) 
4 35 50 (32 2768 -8 ) (32 2640 -8 ) (32 2640 -4 ) (32 2768 -4 ) 
4 35 49 (32 2784 -8 ) (32 2768 -8 ) (32 2768 -4 ) (32 2784 -4 ) 
4 35 51 (32 2640 -8 ) (32 2624 -8 ) (32 2624 -4 ) (32 2640 -4 ) 
4 35 42 (52 2620 -8 ) (108 2620 -8 ) (108 2616 -8 ) (52 2616 -8 ) 
4 35 44 (32 2616 -8 ) (32 2620 -8 ) (52 2620 -8 ) (52 2616 -8 ) 
4 35 41 (108 2620 -8 ) (128 2620 -8 ) (128 2616 -8 ) (108 2616 -8 ) 
4 35 40 (32 2620 -8 ) (32 2784 -8 ) (128 2784 -8 ) (128 2620 -8 ) 
4 36 40 (108 2788 -128 ) (128 2788 -128 ) (128 2788 -8 ) (108 2788 -8 ) 
4 36 37 (108 2792 -8 ) (108 2792 -24 ) (108 2788 -24 ) (108 2788 -8 ) 
4 37 40 (108 2788 -24 ) (108 2788 -8 ) (52 2788 -8 ) (52 2788 -24 ) 
4 37 39 (52 2792 -8 ) (52 2792 -24 ) (52 2788 -24 ) (52 2788 -8 ) 
4 38 40 (56 2788 -128 ) (104 2788 -128 ) (104 2788 -28 ) (56 2788 -28 ) 
4 39 40 (32 2788 -128 ) (52 2788 -128 ) (52 2788 -8 ) (32 2788 -8 ) 
4 40 50 (32 2768 -128 ) (32 2640 -128 ) (32 2640 -8 ) (32 2768 -8 ) 
4 40 49 (32 2784 -128 ) (32 2768 -128 ) (32 2768 -8 ) (32 2784 -8 ) 
4 40 51 (32 2640 -128 ) (32 2624 -128 ) (32 2624 -8 ) (32 2640 -8 ) 
4 40 43 (56 2620 -128 ) (104 2620 -128 ) (104 2620 -24 ) (56 2620 -24 ) 
4 40 42 (108 2620 -20 ) (108 2620 -8 ) (52 2620 -8 ) (52 2620 -20 ) 
4 40 44 (32 2620 -128 ) (52 2620 -128 ) (52 2620 -8 ) (32 2620 -8 ) 
4 40 41 (108 2620 -128 ) (128 2620 -128 ) (128 2620 -8 ) (108 2620 -8 ) 
4 41 42 (108 2620 -8 ) (108 2620 -20 ) (108 2616 -20 ) (108 2616 -8 ) 
4 42 44 (52 2620 -8 ) (52 2620 -20 ) (52 2616 -20 ) (52 2616 -8 ) 
4 45 53 (32 2616 -144 ) (32 2608 -144 ) (32 2608 -140 ) (32 2616 -140 ) 
4 45 46 (32 2608 -144 ) (32 2616 -144 ) (128 2616 -144 ) (128 2608 -144 ) 
4 46 59 (128 2608 -592 ) (128 2608 -152 ) (32 2608 -152 ) (32 2608 -592 ) 
4 46 55 (32 2800 -144 ) (32 2800 -592 ) (32 2608 -592 ) (32 2608 -144 ) 
4 47 49 (32 2784 8 ) (32 2784 656 ) (16 2784 656 ) (16 2784 8 ) 
4 47 48 (16 2784 8 ) (16 2784 656 ) (16 2800 656 ) (16 2800 8 ) 
4 48 78 (0 2800 408 ) (0 2800 -144 ) (0 2784 -144 ) (0 2784 408 ) 
4 48 76 (0 2800 656 ) (0 2800 408 ) (0 2784 408 ) (0 2784 656 ) 
4 48 55 (0 2800 -144 ) (16 2800 -144 ) (16 2784 -144 ) (0 2784 -144 ) 
4 48 49 (0 2784 656 ) (0 2784 -144 ) (16 2784 -144 ) (16 2784 656 ) 
4 49 78 (0 2784 408 ) (0 2784 -144 ) (0 2768 -144 ) (0 2768 408 ) 
4 49 76 (0 2784 656 ) (0 2784 408 ) (0 2768 408 ) (0 2768 656 ) 
4 49 55 (32 2784 -144 ) (32 2768 -144 ) (0 2768 -144 ) (0 2784 -144 ) 
4 49 50 (32 2768 -128 ) (32 2768 656 ) (0 2768 656 ) (0 2768 -128 ) 
4 50 79 (0 2640 -128 ) (0 2640 408 ) (0 2768 408 ) (0 2768 -128 ) 
4 50 76 (0 2640 408 ) (0 2640 656 ) (0 2768 656 ) (0 2768 408 ) 
4 50 51 (32 2640 -128 ) (32 2640 656 ) (0 2640 656 ) (0 2640 -128 ) 
4 51 81 (0 2640 -144 ) (0 2624 -144 ) (0 2624 408 ) (0 2640 408 ) 
4 51 76 (0 2624 408 ) (0 2624 656 ) (0 2640 656 ) (0 2640 408 ) 
4 51 55 (32 2640 -144 ) (32 2624 -144 ) (0 2624 -144 ) (0 2640 -144 ) 
4 51 53 (16 2624 -144 ) (32 2624 -144 ) (32 2624 -140 ) (16 2624 -140 ) 
4 51 54 (0 2624 -144 ) (16 2624 -144 ) (16 2624 12 ) (0 2624 12 ) 
4 51 52 (32 2624 12 ) (32 2624 656 ) (0 2624 656 ) (0 2624 12 ) 
4 52 82 (0 2608 12 ) (0 2608 408 ) (0 2616 408 ) (0 2616 12 ) 
4 52 81 (0 2616 408 ) (0 2624 408 ) (0 2624 12 ) (0 2616 12 ) 
4 52 76 (0 2608 408 ) (0 2608 656 ) (0 2624 656 ) (0 2624 408 ) 
4 52 57 (32 2608 408 ) (32 2608 656 ) (0 2608 656 ) (0 2608 408 ) 
4 52 54 (0 2624 12 ) (16 2624 12 ) (16 2608 12 ) (0 2608 12 ) 
4 53 55 (32 2624 -144 ) (32 2608 -144 ) (16 2608 -144 ) (16 2624 -144 ) 
4 53 54 (16 2624 -140 ) (16 2624 -144 ) (16 2608 -144 ) (16 2608 -140 ) 
4 54 82 (0 2608 -144 ) (0 2608 12 ) (0 2616 12 ) (0 2616 -144 ) 
4 54 81 (0 2616 12 ) (0 2624 12 ) (0 2624 -144 ) (0 2616 -144 ) 
4 54 55 (16 2608 -144 ) (0 2608 -144 ) (0 2624 -144 ) (16 2624 -144 ) 
4 55 90 (0 2608 -592 ) (0 2608 -152 ) (0 2800 -152 ) (0 2800 -592 ) 
4 55 82 (0 2608 -152 ) (0 2608 -144 ) (0 2616 -144 ) (0 2616 -152 ) 
4 55 80 (0 2640 -144 ) (0 2768 -144 ) (0 2768 -152 ) (0 2640 -152 ) 
4 55 78 (0 2768 -144 ) (0 2800 -144 ) (0 2800 -152 ) (0 2768 -152 ) 
4 55 81 (0 2616 -144 ) (0 2640 -144 ) (0 2640 -152 ) (0 2616 -152 ) 
4 55 59 (32 2608 -592 ) (32 2608 -152 ) (0 2608 -152 ) (0 2608 -592 ) 
4 56 65 (1024 2048 -152 ) (1024 2048 656 ) (528 2048 656 ) (528 2048 -152 ) 
4 56 59 (528 2608 -152 ) (1024 2608 -152 ) (1024 2048 -152 ) (528 2048 -152 ) 
4 56 57 (528 2288 408 ) (528 2288 656 ) (528 2608 656 ) (528 2608 408 ) 
4 56 58 (528 2288 -152 ) (528 2048 -152 ) (528 2048 656 ) (528 2288 656 ) 
4 57 76 (0 2288 656 ) (0 2608 656 ) (0 2608 408 ) (0 2288 408 ) 
4 57 58 (528 2288 408 ) (528 2288 656 ) (0 2288 656 ) (0 2288 408 ) 
4 58 88 (0 2048 -152 ) (0 2048 408 ) (0 2288 408 ) (0 2288 -152 ) 
4 58 76 (0 2048 408 ) (0 2048 656 ) (0 2288 656 ) (0 2288 408 ) 
4 58 65 (528 2048 656 ) (0 2048 656 ) (0 2048 -152 ) (528 2048 -152 ) 
4 58 59 (0 2048 -152 ) (0 2288 -152 ) (528 2288 -152 ) (528 2048 -152 ) 
4 59 90 (0 2048 -592 ) (0 2048 -152 ) (0 2608 -152 ) (0 2608 -592 ) 
4 59 65 (1024 2048 -592 ) (1024 2048 -152 ) (0 2048 -152 ) (0 2048 -592 ) 
4 60 62 (2048 2048 656 ) (2048 2048 -16 ) (2048 1024 -16 ) (2048 1024 656 ) 
4 60 61 (2304 1024 656 ) (2048 1024 656 ) (2048 1024 -16 ) (2304 1024 -16 ) 
4 61 66 (2048 496 -16 ) (2048 496 656 ) (2048 1024 656 ) (2048 1024 -16 ) 
4 62 67 (1216 1024 656 ) (1200 1024 656 ) (1200 1024 -16 ) (1216 1024 -16 ) 
4 62 66 (2048 1024 -16 ) (2048 1024 656 ) (1216 1024 656 ) (1216 1024 -16 ) 
4 62 64 (1216 1024 -16 ) (1200 1024 -16 ) (1200 2048 -16 ) (1216 2048 -16 ) 
4 62 63 (1200 2048 -16 ) (1200 1024 -16 ) (1200 1024 656 ) (1200 2048 656 ) 
4 63 69 (1200 1024 656 ) (1024 1024 656 ) (1024 1024 -16 ) (1200 1024 -16 ) 
4 63 65 (1024 2048 656 ) (1024 2048 -16 ) (1024 1024 -16 ) (1024 1024 656 ) 
4 63 64 (1200 1024 -16 ) (1024 1024 -16 ) (1024 2048 -16 ) (1200 2048 -16 ) 
4 64 68 (1216 1024 -16 ) (1200 1024 -16 ) (1200 1024 -592 ) (1216 1024 -592 ) 
4 64 69 (1200 1024 -16 ) (1024 1024 -16 ) (1024 1024 -592 ) (1200 1024 -592 ) 
4 64 65 (1024 2048 -16 ) (1024 2048 -592 ) (1024 1024 -592 ) (1024 1024 -16 ) 
4 65 108 (0 1024 -592 ) (0 1024 -120 ) (0 2048 -120 ) (0 2048 -592 ) 
4 65 101 (0 1024 -120 ) (0 1024 272 ) (0 2048 272 ) (0 2048 -120 ) 
4 65 100 (0 1024 272 ) (0 1024 656 ) (0 2048 656 ) (0 2048 272 ) 
4 65 70 (1024 1024 -592 ) (1024 1024 656 ) (0 1024 656 ) (0 1024 -592 ) 
4 66 67 (1216 496 -16 ) (1216 496 656 ) (1216 1024 656 ) (1216 1024 -16 ) 
4 67 69 (1200 496 -16 ) (1200 496 656 ) (1200 1024 656 ) (1200 1024 -16 ) 
4 67 68 (1200 496 -16 ) (1200 1024 -16 ) (1216 1024 -16 ) (1216 496 -16 ) 
4 68 69 (1200 1024 -592 ) (1200 496 -592 ) (1200 496 -16 ) (1200 1024 -16 ) 
4 69 70 (1024 496 656 ) (1024 1024 656 ) (1024 1024 -592 ) (1024 496 -592 ) 
4 70 322 (0 496 656 ) (0 688 656 ) (0 688 -592 ) (0 496 -592 ) 
4 70 317 (0 704 -136 ) (0 704 -592 ) (0 688 -592 ) (0 688 -136 ) 
4 70 314 (0 688 656 ) (0 704 656 ) (0 704 -136 ) (0 688 -136 ) 
4 70 233 (0 1024 -136 ) (0 1024 -592 ) (0 704 -592 ) (0 704 -136 ) 
4 70 230 (0 704 656 ) (0 1024 656 ) (0 1024 -136 ) (0 704 -136 ) 
4 71 75 (-1024 3184 -592 ) (-1024 3120 -592 ) (-1024 3120 656 ) (-1024 3184 656 ) 
4 71 72 (0 3120 408 ) (0 3120 656 ) (-368 3120 656 ) (-368 3120 408 ) 
4 71 73 (-368 3120 -592 ) (0 3120 -592 ) (0 3120 -152 ) (-368 3120 -152 ) 
4 71 74 (-1024 3120 -592 ) (-368 3120 -592 ) (-368 3120 656 ) (-1024 3120 656 ) 
4 72 76 (0 3072 408 ) (0 3072 656 ) (-368 3072 656 ) (-368 3072 408 ) 
4 72 74 (-368 3120 656 ) (-368 3120 408 ) (-368 3072 408 ) (-368 3072 656 ) 
4 73 90 (0 3072 -592 ) (0 3072 -152 ) (-368 3072 -152 ) (-368 3072 -592 ) 
4 73 74 (-368 3120 -152 ) (-368 3120 -592 ) (-368 3072 -592 ) (-368 3072 -152 ) 
4 74 90 (-1024 3072 -152 ) (-1024 3072 -592 ) (-368 3072 -592 ) (-368 3072 -152 ) 
4 74 77 (-1024 3072 408 ) (-1024 3072 -152 ) (-368 3072 -152 ) (-368 3072 408 ) 
4 74 76 (-368 3072 656 ) (-1024 3072 656 ) (-1024 3072 408 ) (-368 3072 408 ) 
4 74 75 (-1024 3120 -592 ) (-1024 3072 -592 ) (-1024 3072 656 ) (-1024 3120 656 ) 
4 75 95 (-2048 3072 -592 ) (-2048 3072 656 ) (-2048 3184 656 ) (-2048 3184 -592 ) 
4 75 94 (-2048 3072 -144 ) (-2048 3072 -592 ) (-1024 3072 -592 ) (-1024 3072 -144 ) 
4 75 91 (-2048 3072 656 ) (-2048 3072 -144 ) (-1024 3072 -144 ) (-1024 3072 656 ) 
4 76 103 (-928 2048 656 ) (-1024 2048 656 ) (-1024 2048 408 ) (-928 2048 408 ) 
4 76 100 (0 2048 408 ) (0 2048 656 ) (-928 2048 656 ) (-928 2048 408 ) 
4 76 92 (-1024 2768 408 ) (-1024 2640 408 ) (-1024 2640 656 ) (-1024 2768 656 ) 
4 76 91 (-1024 3072 656 ) (-1024 3072 408 ) (-1024 2768 408 ) (-1024 2768 656 ) 
4 76 93 (-1024 2640 408 ) (-1024 2048 408 ) (-1024 2048 656 ) (-1024 2640 656 ) 
4 76 88 (0 2048 408 ) (-368 2048 408 ) (-368 2288 408 ) (0 2288 408 ) 
4 76 89 (-368 2048 408 ) (-1024 2048 408 ) (-1024 2608 408 ) (-368 2608 408 ) 
6 76 85 (-180 2616 408 ) (-172 2616 408 ) (-168 2612 408 ) (-168 2608 408 ) (-184 2608 408 ) (-184 2612 408 ) 
3 76 84 (-172 2616 408 ) (-168 2616 408 ) (-168 2612 408 ) 
3 76 83 (-184 2616 408 ) (-180 2616 408 ) (-184 2612 408 ) 
4 76 82 (-168 2616 408 ) (0 2616 408 ) (0 2608 408 ) (-168 2608 408 ) 
4 76 87 (-1024 2608 408 ) (-1024 2616 408 ) (-184 2616 408 ) (-184 2608 408 ) 
4 76 79 (-1024 2640 408 ) (-1024 2768 408 ) (0 2768 408 ) (0 2640 408 ) 
4 76 78 (-1024 2768 408 ) (-1024 2800 408 ) (0 2800 408 ) (0 2768 408 ) 
4 76 81 (-1024 2616 408 ) (-1024 2640 408 ) (0 2640 408 ) (0 2616 408 ) 
4 76 77 (-1024 2800 408 ) (-1024 3072 408 ) (-368 3072 408 ) (-368 2800 408 ) 
4 77 94 (-1024 3072 -144 ) (-1024 3072 -152 ) (-1024 2800 -152 ) (-1024 2800 -144 ) 
4 77 91 (-1024 3072 408 ) (-1024 3072 -144 ) (-1024 2800 -144 ) (-1024 2800 408 ) 
4 77 90 (-1024 3072 -152 ) (-368 3072 -152 ) (-368 2800 -152 ) (-1024 2800 -152 ) 
4 77 78 (-1024 2800 -152 ) (-368 2800 -152 ) (-368 2800 408 ) (-1024 2800 408 ) 
4 78 94 (-1024 2800 -152 ) (-1024 2768 -152 ) (-1024 2768 -144 ) (-1024 2800 -144 ) 
4 78 91 (-1024 2768 -144 ) (-1024 2768 408 ) (-1024 2800 408 ) (-1024 2800 -144 ) 
4 78 90 (0 2800 -152 ) (0 2768 -152 ) (-1024 2768 -152 ) (-1024 2800 -152 ) 
4 78 79 (0 2768 -128 ) (0 2768 408 ) (-1024 2768 408 ) (-1024 2768 -128 ) 
4 78 80 (-1024 2768 -152 ) (0 2768 -152 ) (0 2768 -144 ) (-1024 2768 -144 ) 
4 79 92 (-1024 2640 -128 ) (-1024 2640 408 ) (-1024 2768 408 ) (-1024 2768 -128 ) 
4 79 81 (0 2640 -128 ) (0 2640 408 ) (-1024 2640 408 ) (-1024 2640 -128 ) 
4 80 94 (-1024 2768 -152 ) (-1024 2640 -152 ) (-1024 2640 -144 ) (-1024 2768 -144 ) 
4 80 90 (0 2768 -152 ) (0 2640 -152 ) (-1024 2640 -152 ) (-1024 2768 -152 ) 
4 80 81 (-1024 2640 -152 ) (0 2640 -152 ) (0 2640 -144 ) (-1024 2640 -144 ) 
4 81 94 (-1024 2640 -152 ) (-1024 2616 -152 ) (-1024 2616 -144 ) (-1024 2640 -144 ) 
4 81 93 (-1024 2616 -144 ) (-1024 2616 408 ) (-1024 2640 408 ) (-1024 2640 -144 ) 
4 81 90 (0 2640 -152 ) (0 2616 -152 ) (-1024 2616 -152 ) (-1024 2640 -152 ) 
4 81 85 (-172 2616 408 ) (-180 2616 408 ) (-180 2616 136 ) (-172 2616 136 ) 
4 81 84 (-168 2616 128 ) (-168 2616 408 ) (-172 2616 408 ) (-172 2616 128 ) 
4 81 83 (-180 2616 408 ) (-184 2616 408 ) (-184 2616 128 ) (-180 2616 128 ) 
4 81 86 (-184 2616 -152 ) (-168 2616 -152 ) (-168 2616 128 ) (-184 2616 128 ) 
4 81 82 (-168 2616 -152 ) (0 2616 -152 ) (0 2616 408 ) (-168 2616 408 ) 
4 81 87 (-1024 2616 -152 ) (-184 2616 -152 ) (-184 2616 408 ) (-1024 2616 408 ) 
4 82 90 (0 2616 -152 ) (0 2608 -152 ) (-168 2608 -152 ) (-168 2616 -152 ) 
4 82 85 (-168 2608 144 ) (-168 2608 408 ) (-168 2612 408 ) (-168 2612 140 ) 
4 82 84 (-168 2616 408 ) (-168 2616 128 ) (-168 2612 128 ) (-168 2612 408 ) 
4 82 86 (-168 2616 128 ) (-168 2616 -152 ) (-168 2608 -152 ) (-168 2608 128 ) 
4 83 85 (-184 2612 408 ) (-184 2612 140 ) (-180 2616 136 ) (-180 2616 408 ) 
3 83 86 (-184 2612 128 ) (-184 2616 128 ) (-180 2616 128 ) 
4 83 87 (-184 2616 408 ) (-184 2616 128 ) (-184 2612 128 ) (-184 2612 408 ) 
4 84 85 (-172 2616 408 ) (-172 2616 136 ) (-168 2612 140 ) (-168 2612 408 ) 
3 84 86 (-172 2616 128 ) (-168 2616 128 ) (-168 2612 128 ) 
4 85 87 (-184 2608 144 ) (-184 2608 408 ) (-184 2612 408 ) (-184 2612 140 ) 
4 86 90 (-168 2608 -152 ) (-184 2608 -152 ) (-184 2616 -152 ) (-168 2616 -152 ) 
4 86 87 (-184 2616 128 ) (-184 2616 -152 ) (-184 2608 -152 ) (-184 2608 128 ) 
4 87 94 (-1024 2616 -152 ) (-1024 2608 -152 ) (-1024 2608 -144 ) (-1024 2616 -144 ) 
4 87 93 (-1024 2608 -144 ) (-1024 2608 408 ) (-1024 2616 408 ) (-1024 2616 -144 ) 
4 87 90 (-184 2608 -152 ) (-1024 2608 -152 ) (-1024 2616 -152 ) (-184 2616 -152 ) 
4 87 89 (-1024 2608 -152 ) (-368 2608 -152 ) (-368 2608 408 ) (-1024 2608 408 ) 
4 88 108 (0 2048 -152 ) (0 2048 -120 ) (-368 2048 -120 ) (-368 2048 -152 ) 
4 88 101 (0 2048 -120 ) (0 2048 272 ) (-368 2048 272 ) (-368 2048 -120 ) 
4 88 100 (0 2048 272 ) (0 2048 408 ) (-368 2048 408 ) (-368 2048 272 ) 
4 88 90 (0 2288 -152 ) (0 2048 -152 ) (-368 2048 -152 ) (-368 2288 -152 ) 
4 88 89 (-368 2288 -152 ) (-368 2048 -152 ) (-368 2048 408 ) (-368 2288 408 ) 
4 89 108 (-1024 2048 -120 ) (-1024 2048 -152 ) (-368 2048 -152 ) (-368 2048 -120 ) 
4 89 103 (-928 2048 408 ) (-1024 2048 408 ) (-1024 2048 -120 ) (-928 2048 -120 ) 
4 89 102 (-928 2048 272 ) (-928 2048 -120 ) (-912 2048 -120 ) (-912 2048 272 ) 
4 89 101 (-912 2048 -120 ) (-368 2048 -120 ) (-368 2048 272 ) (-912 2048 272 ) 
4 89 100 (-368 2048 408 ) (-928 2048 408 ) (-928 2048 272 ) (-368 2048 272 ) 
4 89 94 (-1024 2608 -152 ) (-1024 2048 -152 ) (-1024 2048 -144 ) (-1024 2608 -144 ) 
4 89 93 (-1024 2048 -144 ) (-1024 2048 408 ) (-1024 2608 408 ) (-1024 2608 -144 ) 
4 89 90 (-368 2048 -152 ) (-1024 2048 -152 ) (-1024 2608 -152 ) (-368 2608 -152 ) 
4 90 108 (0 2048 -592 ) (0 2048 -152 ) (-1024 2048 -152 ) (-1024 2048 -592 ) 
4 90 94 (-1024 3072 -152 ) (-1024 3072 -592 ) (-1024 2048 -592 ) (-1024 2048 -152 ) 
4 91 96 (-2048 2768 656 ) (-2048 3072 656 ) (-2048 3072 -144 ) (-2048 2768 -144 ) 
4 91 94 (-2048 2768 -144 ) (-2048 3072 -144 ) (-1024 3072 -144 ) (-1024 2768 -144 ) 
4 91 92 (-1024 2768 -128 ) (-1024 2768 656 ) (-2048 2768 656 ) (-2048 2768 -128 ) 
4 92 97 (-2048 2640 656 ) (-2048 2768 656 ) (-2048 2768 -128 ) (-2048 2640 -128 ) 
4 92 93 (-1024 2640 -128 ) (-1024 2640 656 ) (-2048 2640 656 ) (-2048 2640 -128 ) 
4 93 229 (-1024 2048 -144 ) (-1024 2048 -120 ) (-2048 2048 -120 ) (-2048 2048 -144 ) 
4 93 222 (-1024 2048 -120 ) (-1024 2048 16 ) (-2048 2048 16 ) (-2048 2048 -120 ) 
4 93 214 (-1952 2048 144 ) (-2048 2048 144 ) (-2048 2048 16 ) (-1952 2048 16 ) 
4 93 130 (-1024 2048 16 ) (-1024 2048 144 ) (-1952 2048 144 ) (-1952 2048 16 ) 
4 93 125 (-1024 2048 144 ) (-1024 2048 160 ) (-2048 2048 160 ) (-2048 2048 144 ) 
4 93 112 (-1024 2048 160 ) (-1024 2048 176 ) (-2048 2048 176 ) (-2048 2048 160 ) 
4 93 110 (-1024 2048 176 ) (-1024 2048 272 ) (-2048 2048 272 ) (-2048 2048 176 ) 
4 93 109 (-1024 2048 272 ) (-1024 2048 656 ) (-2048 2048 656 ) (-2048 2048 272 ) 
4 93 99 (-2048 2048 -144 ) (-2048 2048 656 ) (-2048 2640 656 ) (-2048 2640 -144 ) 
4 93 94 (-1024 2048 -144 ) (-2048 2048 -144 ) (-2048 2640 -144 ) (-1024 2640 -144 ) 
4 94 229 (-1024 2048 -592 ) (-1024 2048 -144 ) (-2048 2048 -144 ) (-2048 2048 -592 ) 
4 94 98 (-2048 2640 -144 ) (-2048 2768 -144 ) (-2048 2768 -592 ) (-2048 2640 -592 ) 
4 94 96 (-2048 2768 -144 ) (-2048 3072 -144 ) (-2048 3072 -592 ) (-2048 2768 -592 ) 
4 94 99 (-2048 2048 -592 ) (-2048 2048 -144 ) (-2048 2640 -144 ) (-2048 2640 -592 ) 
4 95 96 (-2048 3072 -592 ) (-2048 3072 656 ) (-2096 3072 656 ) (-2096 3072 -592 ) 
4 96 97 (-2096 2768 656 ) (-2096 2768 -128 ) (-2048 2768 -128 ) (-2048 2768 656 ) 
4 96 98 (-2096 2768 -144 ) (-2096 2768 -592 ) (-2048 2768 -592 ) (-2048 2768 -144 ) 
4 97 99 (-2096 2640 656 ) (-2096 2640 -128 ) (-2048 2640 -128 ) (-2048 2640 656 ) 
4 98 99 (-2096 2640 -144 ) (-2096 2640 -592 ) (-2048 2640 -592 ) (-2048 2640 -144 ) 
4 99 408 (-2048 2048 -592 ) (-2048 2048 656 ) (-2096 2048 656 ) (-2096 2048 -592 ) 
4 100 234 (-912 1024 656 ) (-928 1024 656 ) (-928 1024 272 ) (-912 1024 272 ) 
4 100 231 (-816 1024 656 ) (-912 1024 656 ) (-912 1024 272 ) (-816 1024 272 ) 
4 100 230 (0 1024 272 ) (0 1024 656 ) (-816 1024 656 ) (-816 1024 272 ) 
4 100 106 (-928 1360 272 ) (-928 1024 272 ) (-928 1024 656 ) (-928 1360 656 ) 
4 100 105 (-928 1376 272 ) (-928 1360 272 ) (-928 1360 656 ) (-928 1376 656 ) 
4 100 104 (-928 1392 272 ) (-928 1376 272 ) (-928 1376 656 ) (-928 1392 656 ) 
4 100 103 (-928 2048 656 ) (-928 2048 272 ) (-928 1392 272 ) (-928 1392 656 ) 
4 100 102 (-928 1392 272 ) (-928 2048 272 ) (-912 2048 272 ) (-912 1392 272 ) 
4 100 101 (0 1024 272 ) (-912 1024 272 ) (-912 2048 272 ) (0 2048 272 ) 
4 101 231 (-816 1024 272 ) (-912 1024 272 ) (-912 1024 -120 ) (-816 1024 -120 ) 
4 101 230 (0 1024 -120 ) (0 1024 272 ) (-816 1024 272 ) (-816 1024 -120 ) 
4 101 108 (0 1024 -120 ) (-912 1024 -120 ) (-912 2048 -120 ) (0 2048 -120 ) 
4 101 102 (-912 2048 -120 ) (-912 1392 -120 ) (-912 1392 272 ) (-912 2048 272 ) 
4 102 108 (-928 1392 -120 ) (-928 2048 -120 ) (-912 2048 -120 ) (-912 1392 -120 ) 
4 102 103 (-928 2048 272 ) (-928 2048 -120 ) (-928 1392 -120 ) (-928 1392 272 ) 
4 103 222 (-1024 2048 16 ) (-1024 2048 -120 ) (-1024 1392 -120 ) (-1024 1392 16 ) 
4 103 130 (-1024 2048 144 ) (-1024 2048 16 ) (-1024 1392 16 ) (-1024 1392 144 ) 
4 103 125 (-1024 2048 160 ) (-1024 2048 144 ) (-1024 1392 144 ) (-1024 1392 160 ) 
4 103 112 (-1024 2048 176 ) (-1024 2048 160 ) (-1024 1392 160 ) (-1024 1392 176 ) 
4 103 110 (-1024 2048 272 ) (-1024 2048 176 ) (-1024 1392 176 ) (-1024 1392 272 ) 
4 103 109 (-1024 2048 656 ) (-1024 2048 272 ) (-1024 1392 272 ) (-1024 1392 656 ) 
4 103 108 (-1024 1392 -120 ) (-1024 2048 -120 ) (-928 2048 -120 ) (-928 1392 -120 ) 
4 103 104 (-928 1392 272 ) (-928 1392 656 ) (-1024 1392 656 ) (-1024 1392 272 ) 
4 104 109 (-1024 1376 272 ) (-1024 1376 656 ) (-1024 1392 656 ) (-1024 1392 272 ) 
4 104 105 (-928 1376 272 ) (-928 1376 656 ) (-1024 1376 656 ) (-1024 1376 272 ) 
4 105 223 (-1024 1376 -120 ) (-1024 1360 -120 ) (-1024 1360 16 ) (-1024 1376 16 ) 
4 105 131 (-1024 1360 16 ) (-1024 1360 144 ) (-1024 1376 144 ) (-1024 1376 16 ) 
4 105 126 (-1024 1360 144 ) (-1024 1360 160 ) (-1024 1376 160 ) (-1024 1376 144 ) 
4 105 113 (-1024 1360 160 ) (-1024 1360 176 ) (-1024 1376 176 ) (-1024 1376 160 ) 
4 105 111 (-1024 1360 176 ) (-1024 1360 272 ) (-1024 1376 272 ) (-1024 1376 176 ) 
4 105 109 (-1024 1360 272 ) (-1024 1360 656 ) (-1024 1376 656 ) (-1024 1376 272 ) 
4 105 108 (-1024 1360 -120 ) (-1024 1376 -120 ) (-928 1376 -120 ) (-928 1360 -120 ) 
4 105 106 (-928 1360 160 ) (-928 1360 656 ) (-1024 1360 656 ) (-1024 1360 160 ) 
4 105 107 (-1024 1360 -120 ) (-928 1360 -120 ) (-928 1360 144 ) (-1024 1360 144 ) 
4 106 243 (-1024 1024 656 ) (-1024 1024 160 ) (-928 1024 160 ) (-928 1024 656 ) 
4 106 120 (-1024 1024 160 ) (-1024 1024 176 ) (-1024 1184 176 ) (-1024 1184 160 ) 
4 106 117 (-1024 1024 176 ) (-1024 1024 656 ) (-1024 1184 656 ) (-1024 1184 176 ) 
4 106 114 (-1024 1208 160 ) (-1024 1184 160 ) (-1024 1184 176 ) (-1024 1208 176 ) 
4 106 113 (-1024 1360 176 ) (-1024 1360 160 ) (-1024 1208 160 ) (-1024 1208 176 ) 
4 106 111 (-1024 1360 272 ) (-1024 1360 176 ) (-1024 1184 176 ) (-1024 1184 272 ) 
4 106 109 (-1024 1184 656 ) (-1024 1360 656 ) (-1024 1360 272 ) (-1024 1184 272 ) 
4 107 299 (-1024 1024 0 ) (-1024 1024 -120 ) (-928 1024 -120 ) (-928 1024 0 ) 
4 107 224 (-1024 1264 -120 ) (-1024 1024 -120 ) (-1024 1024 16 ) (-1024 1264 16 ) 
4 107 223 (-1024 1360 -120 ) (-1024 1264 -120 ) (-1024 1264 16 ) (-1024 1360 16 ) 
4 107 151 (-1024 1024 16 ) (-1024 1024 144 ) (-1024 1120 144 ) (-1024 1120 16 ) 
4 107 132 (-1024 1120 144 ) (-1024 1264 144 ) (-1024 1264 16 ) (-1024 1120 16 ) 
4 107 131 (-1024 1264 144 ) (-1024 1360 144 ) (-1024 1360 16 ) (-1024 1264 16 ) 
4 107 108 (-928 1024 -120 ) (-1024 1024 -120 ) (-1024 1360 -120 ) (-928 1360 -120 ) 
4 108 299 (-928 1024 -120 ) (-1024 1024 -120 ) (-1024 1024 -592 ) (-928 1024 -592 ) 
4 108 242 (-912 1024 -120 ) (-928 1024 -120 ) (-928 1024 -592 ) (-912 1024 -592 ) 
4 108 233 (0 1024 -592 ) (0 1024 -136 ) (-912 1024 -136 ) (-912 1024 -592 ) 
4 108 231 (-816 1024 -120 ) (-912 1024 -120 ) (-912 1024 -136 ) (-816 1024 -136 ) 
4 108 230 (0 1024 -136 ) (0 1024 -120 ) (-816 1024 -120 ) (-816 1024 -136 ) 
4 108 229 (-1024 2048 -120 ) (-1024 2048 -592 ) (-1024 1024 -592 ) (-1024 1024 -120 ) 
4 109 409 (-2048 1392 272 ) (-2048 1376 272 ) (-2048 1376 656 ) (-2048 1392 656 ) 
4 109 408 (-2048 2048 656 ) (-2048 2048 272 ) (-2048 1392 272 ) (-2048 1392 656 ) 
4 109 411 (-2048 1376 272 ) (-2048 1184 272 ) (-2048 1184 656 ) (-2048 1376 656 ) 
4 109 118 (-1888 1184 272 ) (-1440 1184 272 ) (-1440 1184 656 ) (-1888 1184 656 ) 
4 109 117 (-1440 1184 272 ) (-1024 1184 272 ) (-1024 1184 656 ) (-1440 1184 656 ) 
4 109 119 (-2048 1184 656 ) (-2048 1184 272 ) (-1888 1184 272 ) (-1888 1184 656 ) 
4 109 110 (-2048 1392 272 ) (-2048 2048 272 ) (-1024 2048 272 ) (-1024 1392 272 ) 
4 109 111 (-1024 1184 272 ) (-2048 1184 272 ) (-2048 1376 272 ) (-1024 1376 272 ) 
4 110 408 (-2048 2048 272 ) (-2048 2048 176 ) (-2048 1392 176 ) (-2048 1392 272 ) 
4 110 112 (-2048 1392 176 ) (-2048 2048 176 ) (-1024 2048 176 ) (-1024 1392 176 ) 
4 111 411 (-2048 1376 176 ) (-2048 1184 176 ) (-2048 1184 272 ) (-2048 1376 272 ) 
4 111 118 (-1440 1184 184 ) (-1440 1184 272 ) (-1888 1184 272 ) (-1888 1184 184 ) 
4 111 117 (-1440 1184 176 ) (-1024 1184 176 ) (-1024 1184 272 ) (-1440 1184 272 ) 
4 111 119 (-2048 1184 272 ) (-2048 1184 176 ) (-1888 1184 176 ) (-1888 1184 272 ) 
4 111 116 (-1912 1184 176 ) (-2048 1184 176 ) (-2048 1208 176 ) (-1912 1208 176 ) 
4 111 114 (-1024 1184 176 ) (-1416 1184 176 ) (-1416 1208 176 ) (-1024 1208 176 ) 
4 111 113 (-2048 1208 176 ) (-2048 1376 176 ) (-1024 1376 176 ) (-1024 1208 176 ) 
4 112 408 (-2048 2048 176 ) (-2048 2048 160 ) (-2048 1392 160 ) (-2048 1392 176 ) 
4 112 125 (-2048 2048 160 ) (-1024 2048 160 ) (-1024 1392 160 ) (-2048 1392 160 ) 
4 113 411 (-2048 1376 160 ) (-2048 1208 160 ) (-2048 1208 176 ) (-2048 1376 176 ) 
4 113 129 (-1968 1208 160 ) (-2048 1208 160 ) (-2048 1264 160 ) (-1968 1264 160 ) 
4 113 127 (-1360 1264 160 ) (-2048 1264 160 ) (-2048 1360 160 ) (-1360 1360 160 ) 
4 113 126 (-1024 1376 160 ) (-1024 1360 160 ) (-2048 1360 160 ) (-2048 1376 160 ) 
4 113 116 (-2048 1208 160 ) (-1912 1208 160 ) (-1912 1208 176 ) (-2048 1208 176 ) 
4 113 114 (-1416 1208 160 ) (-1024 1208 160 ) (-1024 1208 176 ) (-1416 1208 176 ) 
4 114 120 (-1416 1184 160 ) (-1024 1184 160 ) (-1024 1184 176 ) (-1416 1184 176 ) 
4 115 122 (-1888 1184 160 ) (-1440 1184 160 ) (-1440 1184 168 ) (-1888 1184 168 ) 
4 116 411 (-2048 1208 160 ) (-2048 1184 160 ) (-2048 1184 176 ) (-2048 1208 176 ) 
4 116 129 (-1968 1184 160 ) (-2048 1184 160 ) (-2048 1208 160 ) (-1968 1208 160 ) 
4 116 124 (-2048 1184 176 ) (-2048 1184 160 ) (-1912 1184 160 ) (-1912 1184 176 ) 
4 117 323 (-1024 1024 176 ) (-1024 1024 656 ) (-1440 1024 656 ) (-1440 1024 176 ) 
4 117 120 (-1416 1184 176 ) (-1024 1184 176 ) (-1024 1024 176 ) (-1416 1024 176 ) 
4 117 118 (-1440 1024 184 ) (-1440 1024 656 ) (-1440 1184 656 ) (-1440 1184 184 ) 
4 118 324 (-1440 1024 656 ) (-1888 1024 656 ) (-1888 1024 184 ) (-1440 1024 184 ) 
4 118 119 (-1888 1024 184 ) (-1888 1024 656 ) (-1888 1184 656 ) (-1888 1184 184 ) 
4 119 411 (-2048 1024 176 ) (-2048 1024 656 ) (-2048 1184 656 ) (-2048 1184 176 ) 
4 119 325 (-1888 1024 656 ) (-2048 1024 656 ) (-2048 1024 176 ) (-1888 1024 176 ) 
4 119 124 (-2048 1184 176 ) (-1912 1184 176 ) (-1912 1024 176 ) (-2048 1024 176 ) 
4 120 326 (-1024 1024 160 ) (-1024 1024 176 ) (-1416 1024 176 ) (-1416 1024 160 ) 
4 121 327 (-1440 1024 168 ) (-1440 1024 160 ) (-1432 1024 160 ) (-1432 1024 168 ) 
4 121 122 (-1440 1184 168 ) (-1440 1184 160 ) (-1440 1024 160 ) (-1440 1024 168 ) 
4 122 328 (-1888 1024 168 ) (-1888 1024 160 ) (-1440 1024 160 ) (-1440 1024 168 ) 
4 122 128 (-1456 1024 160 ) (-1872 1024 160 ) (-1872 1168 160 ) (-1456 1168 160 ) 
4 122 123 (-1888 1184 168 ) (-1888 1184 160 ) (-1888 1024 160 ) (-1888 1024 168 ) 
4 123 329 (-1896 1024 168 ) (-1896 1024 160 ) (-1888 1024 160 ) (-1888 1024 168 ) 
4 124 411 (-2048 1184 160 ) (-2048 1024 160 ) (-2048 1024 176 ) (-2048 1184 176 ) 
4 124 330 (-1912 1024 176 ) (-2048 1024 176 ) (-2048 1024 160 ) (-1912 1024 160 ) 
4 124 129 (-1968 1024 160 ) (-2048 1024 160 ) (-2048 1184 160 ) (-1968 1184 160 ) 
4 125 408 (-2048 2048 160 ) (-2048 2048 144 ) (-2048 1392 144 ) (-2048 1392 160 ) 
4 125 214 (-2048 1392 144 ) (-2048 2048 144 ) (-1952 2048 144 ) (-1952 1392 144 ) 
4 125 130 (-1952 2048 144 ) (-1024 2048 144 ) (-1024 1392 144 ) (-1952 1392 144 ) 
4 126 411 (-2048 1376 144 ) (-2048 1360 144 ) (-2048 1360 160 ) (-2048 1376 160 ) 
4 126 215 (-2048 1360 144 ) (-2048 1376 144 ) (-1952 1376 144 ) (-1952 1360 144 ) 
4 126 131 (-1952 1376 144 ) (-1024 1376 144 ) (-1024 1360 144 ) (-1952 1360 144 ) 
4 126 127 (-2048 1360 144 ) (-1360 1360 144 ) (-1360 1360 160 ) (-2048 1360 160 ) 
4 127 411 (-2048 1360 144 ) (-2048 1264 144 ) (-2048 1264 160 ) (-2048 1360 160 ) 
4 127 215 (-2048 1264 144 ) (-2048 1360 144 ) (-1952 1360 144 ) (-1952 1264 144 ) 
4 127 131 (-1952 1360 144 ) (-1360 1360 144 ) (-1360 1264 144 ) (-1952 1264 144 ) 
4 127 129 (-2048 1264 144 ) (-1968 1264 144 ) (-1968 1264 160 ) (-2048 1264 160 ) 
4 128 339 (-1456 1024 160 ) (-1872 1024 160 ) (-1872 1024 144 ) (-1456 1024 144 ) 
4 128 155 (-1796 1056 144 ) (-1796 1120 144 ) (-1764 1120 144 ) (-1764 1056 144 ) 
4 128 156 (-1764 1024 144 ) (-1796 1024 144 ) (-1796 1056 144 ) (-1764 1056 144 ) 
4 128 157 (-1796 1024 144 ) (-1872 1024 144 ) (-1872 1120 144 ) (-1796 1120 144 ) 
4 128 154 (-1456 1024 144 ) (-1764 1024 144 ) (-1764 1120 144 ) (-1456 1120 144 ) 
4 128 144 (-1872 1120 144 ) (-1872 1168 144 ) (-1456 1168 144 ) (-1456 1120 144 ) 
4 129 411 (-2048 1264 144 ) (-2048 1024 144 ) (-2048 1024 160 ) (-2048 1264 160 ) 
4 129 342 (-1968 1024 160 ) (-2048 1024 160 ) (-2048 1024 144 ) (-1968 1024 144 ) 
4 129 221 (-1968 1024 144 ) (-2048 1024 144 ) (-2048 1136 144 ) (-1968 1136 144 ) 
4 129 217 (-2048 1136 144 ) (-2048 1200 144 ) (-1968 1200 144 ) (-1968 1136 144 ) 
4 129 216 (-2048 1200 144 ) (-2048 1264 144 ) (-1968 1264 144 ) (-1968 1200 144 ) 
4 130 222 (-1952 2048 16 ) (-1024 2048 16 ) (-1024 1392 16 ) (-1952 1392 16 ) 
4 130 214 (-1952 2048 16 ) (-1952 1392 16 ) (-1952 1392 144 ) (-1952 2048 144 ) 
4 131 223 (-1024 1376 16 ) (-1024 1264 16 ) (-1952 1264 16 ) (-1952 1376 16 ) 
4 131 215 (-1952 1376 16 ) (-1952 1264 16 ) (-1952 1264 144 ) (-1952 1376 144 ) 
4 131 134 (-1360 1264 16 ) (-1232 1264 16 ) (-1232 1264 144 ) (-1360 1264 144 ) 
4 131 133 (-1232 1264 16 ) (-1216 1264 16 ) (-1216 1264 144 ) (-1232 1264 144 ) 
4 131 132 (-1216 1264 16 ) (-1024 1264 16 ) (-1024 1264 144 ) (-1216 1264 144 ) 
4 132 224 (-1024 1264 16 ) (-1024 1120 16 ) (-1216 1120 16 ) (-1216 1264 16 ) 
4 132 151 (-1216 1120 16 ) (-1024 1120 16 ) (-1024 1120 144 ) (-1216 1120 144 ) 
4 132 133 (-1216 1264 144 ) (-1216 1264 16 ) (-1216 1232 16 ) (-1216 1232 144 ) 
4 133 225 (-1232 1232 16 ) (-1232 1264 16 ) (-1216 1264 16 ) (-1216 1232 16 ) 
4 133 134 (-1232 1264 144 ) (-1232 1264 16 ) (-1232 1232 16 ) (-1232 1232 144 ) 
4 134 225 (-1360 1232 16 ) (-1360 1264 16 ) (-1232 1264 16 ) (-1232 1232 16 ) 
4 135 152 (-1360 1120 16 ) (-1232 1120 16 ) (-1232 1120 144 ) (-1360 1120 144 ) 
4 135 136 (-1360 1184 16 ) (-1360 1120 16 ) (-1360 1120 144 ) (-1360 1184 144 ) 
4 136 153 (-1376 1120 16 ) (-1360 1120 16 ) (-1360 1120 144 ) (-1376 1120 144 ) 
4 136 144 (-1376 1184 16 ) (-1376 1120 16 ) (-1376 1120 144 ) (-1376 1184 144 ) 
4 137 141 (-1888 1232 52 ) (-1892 1232 56 ) (-1944 1232 56 ) (-1944 1232 52 ) 
3 137 140 (-1888 1232 52 ) (-1888 1232 56 ) (-1892 1232 56 ) 
4 137 139 (-1888 1232 56 ) (-1888 1232 144 ) (-1944 1232 144 ) (-1944 1232 56 ) 
4 137 138 (-1888 1232 16 ) (-1376 1232 16 ) (-1376 1232 144 ) (-1888 1232 144 ) 
4 137 143 (-1952 1232 144 ) (-1952 1232 16 ) (-1944 1232 16 ) (-1944 1232 144 ) 
4 138 144 (-1888 1216 16 ) (-1376 1216 16 ) (-1376 1216 144 ) (-1888 1216 144 ) 
4 138 140 (-1888 1232 56 ) (-1888 1232 52 ) (-1888 1216 52 ) (-1888 1216 56 ) 
4 138 139 (-1888 1232 144 ) (-1888 1232 56 ) (-1888 1216 56 ) (-1888 1216 144 ) 
3 139 149 (-1928 1216 68 ) (-1928 1216 72 ) (-1932 1216 72 ) 
4 139 148 (-1928 1216 144 ) (-1944 1216 144 ) (-1944 1216 72 ) (-1928 1216 72 ) 
4 139 145 (-1888 1216 56 ) (-1888 1216 144 ) (-1928 1216 144 ) (-1928 1216 56 ) 
4 139 142 (-1944 1216 56 ) (-1944 1220 56 ) (-1892 1220 56 ) (-1892 1216 56 ) 
4 139 141 (-1944 1228 56 ) (-1944 1232 56 ) (-1892 1232 56 ) (-1892 1228 56 ) 
4 139 140 (-1892 1232 56 ) (-1888 1232 56 ) (-1888 1216 56 ) (-1892 1216 56 ) 
4 139 143 (-1944 1232 144 ) (-1944 1232 56 ) (-1944 1216 56 ) (-1944 1216 144 ) 
3 140 145 (-1888 1216 52 ) (-1888 1216 56 ) (-1892 1216 56 ) 
3 140 142 (-1888 1216 52 ) (-1892 1216 56 ) (-1892 1220 56 ) 
3 140 141 (-1888 1232 52 ) (-1892 1228 56 ) (-1892 1232 56 ) 
3 141 143 (-1944 1232 56 ) (-1944 1232 52 ) (-1944 1228 56 ) 
4 142 145 (-1888 1216 52 ) (-1892 1216 56 ) (-1928 1216 56 ) (-1928 1216 52 ) 
3 142 143 (-1944 1216 52 ) (-1944 1216 56 ) (-1944 1220 56 ) 
4 143 150 (-1952 1216 144 ) (-1952 1216 16 ) (-1944 1216 16 ) (-1944 1216 144 ) 
4 144 167 (-1792 1120 16 ) (-1788 1120 16 ) (-1788 1120 36 ) (-1792 1120 36 ) 
4 144 170 (-1888 1120 16 ) (-1792 1120 16 ) (-1792 1120 36 ) (-1888 1120 36 ) 
4 144 163 (-1772 1120 16 ) (-1768 1120 16 ) (-1768 1120 36 ) (-1772 1120 36 ) 
4 144 162 (-1768 1120 16 ) (-1764 1120 16 ) (-1764 1120 36 ) (-1768 1120 36 ) 
4 144 166 (-1788 1120 16 ) (-1772 1120 16 ) (-1772 1120 36 ) (-1788 1120 36 ) 
4 144 159 (-1768 1120 40 ) (-1792 1120 40 ) (-1792 1120 36 ) (-1768 1120 36 ) 
4 144 158 (-1764 1120 36 ) (-1764 1120 40 ) (-1768 1120 40 ) (-1768 1120 36 ) 
4 144 161 (-1792 1120 40 ) (-1888 1120 40 ) (-1888 1120 36 ) (-1792 1120 36 ) 
4 144 155 (-1764 1120 44 ) (-1764 1120 144 ) (-1796 1120 144 ) (-1796 1120 44 ) 
4 144 157 (-1796 1120 144 ) (-1888 1120 144 ) (-1888 1120 40 ) (-1796 1120 40 ) 
4 144 154 (-1764 1120 16 ) (-1376 1120 16 ) (-1376 1120 144 ) (-1764 1120 144 ) 
4 144 147 (-1888 1216 40 ) (-1888 1216 36 ) (-1888 1120 36 ) (-1888 1120 40 ) 
4 144 145 (-1888 1216 144 ) (-1888 1216 40 ) (-1888 1120 40 ) (-1888 1120 144 ) 
4 145 193 (-1888 1120 52 ) (-1892 1120 56 ) (-1928 1120 56 ) (-1928 1120 52 ) 
3 145 192 (-1888 1120 52 ) (-1888 1120 56 ) (-1892 1120 56 ) 
4 145 185 (-1900 1120 60 ) (-1916 1120 60 ) (-1916 1120 56 ) (-1900 1120 56 ) 
4 145 184 (-1888 1120 56 ) (-1888 1120 60 ) (-1900 1120 60 ) (-1900 1120 56 ) 
4 145 191 (-1916 1120 60 ) (-1928 1120 60 ) (-1928 1120 56 ) (-1916 1120 56 ) 
4 145 181 (-1906 1120 76 ) (-1910 1120 76 ) (-1910 1120 60 ) (-1906 1120 60 ) 
4 145 180 (-1888 1120 60 ) (-1888 1120 76 ) (-1906 1120 76 ) (-1906 1120 60 ) 
4 145 183 (-1910 1120 76 ) (-1928 1120 76 ) (-1928 1120 60 ) (-1910 1120 60 ) 
4 145 172 (-1900 1120 144 ) (-1916 1120 144 ) (-1916 1120 76 ) (-1900 1120 76 ) 
4 145 171 (-1888 1120 76 ) (-1888 1120 144 ) (-1900 1120 144 ) (-1900 1120 76 ) 
4 145 179 (-1916 1120 144 ) (-1928 1120 144 ) (-1928 1120 76 ) (-1916 1120 76 ) 
4 145 149 (-1928 1216 72 ) (-1928 1216 68 ) (-1928 1120 68 ) (-1928 1120 72 ) 
4 145 148 (-1928 1216 144 ) (-1928 1216 72 ) (-1928 1120 72 ) (-1928 1120 144 ) 
4 145 147 (-1892 1216 40 ) (-1888 1216 40 ) (-1888 1120 40 ) (-1892 1120 40 ) 
4 145 146 (-1928 1120 40 ) (-1928 1216 40 ) (-1924 1216 40 ) (-1924 1120 40 ) 
4 148 183 (-1928 1120 72 ) (-1928 1120 76 ) (-1944 1120 76 ) (-1944 1120 72 ) 
4 148 179 (-1928 1120 76 ) (-1928 1120 144 ) (-1944 1120 144 ) (-1944 1120 76 ) 
4 148 149 (-1932 1216 72 ) (-1928 1216 72 ) (-1928 1120 72 ) (-1932 1120 72 ) 
4 148 150 (-1944 1216 144 ) (-1944 1216 72 ) (-1944 1120 72 ) (-1944 1120 144 ) 
3 149 183 (-1928 1120 68 ) (-1928 1120 72 ) (-1932 1120 72 ) 
4 150 218 (-1952 1136 80 ) (-1952 1136 128 ) (-1952 1200 128 ) (-1952 1200 80 ) 
4 150 205 (-1952 1120 44 ) (-1952 1120 16 ) (-1944 1120 16 ) (-1944 1120 44 ) 
4 150 199 (-1952 1120 52 ) (-1952 1120 44 ) (-1944 1120 44 ) (-1944 1120 52 ) 
4 150 195 (-1952 1120 56 ) (-1952 1120 52 ) (-1944 1120 52 ) (-1944 1120 56 ) 
4 150 191 (-1952 1120 60 ) (-1952 1120 56 ) (-1944 1120 56 ) (-1944 1120 60 ) 
4 150 183 (-1952 1120 76 ) (-1952 1120 60 ) (-1944 1120 60 ) (-1944 1120 76 ) 
4 150 179 (-1952 1120 144 ) (-1952 1120 76 ) (-1944 1120 76 ) (-1944 1120 144 ) 
4 151 224 (-1024 1120 16 ) (-1024 1024 16 ) (-1216 1024 16 ) (-1216 1120 16 ) 
4 152 354 (-1232 1024 144 ) (-1360 1024 144 ) (-1360 1024 16 ) (-1232 1024 16 ) 
4 152 153 (-1360 1120 144 ) (-1360 1120 16 ) (-1360 1056 16 ) (-1360 1056 144 ) 
4 153 154 (-1376 1120 144 ) (-1376 1120 16 ) (-1376 1056 16 ) (-1376 1056 144 ) 
4 154 364 (-1456 1024 144 ) (-1764 1024 144 ) (-1764 1024 16 ) (-1456 1024 16 ) 
4 154 363 (-1456 1024 24 ) (-1456 1024 16 ) (-1392 1024 16 ) (-1392 1024 24 ) 
4 154 356 (-1392 1024 144 ) (-1456 1024 144 ) (-1456 1024 24 ) (-1392 1024 24 ) 
4 154 355 (-1376 1024 144 ) (-1392 1024 144 ) (-1392 1024 16 ) (-1376 1024 16 ) 
4 154 162 (-1764 1120 36 ) (-1764 1120 16 ) (-1764 1024 16 ) (-1764 1024 36 ) 
4 154 158 (-1764 1120 40 ) (-1764 1120 36 ) (-1764 1024 36 ) (-1764 1024 40 ) 
4 154 155 (-1764 1120 144 ) (-1764 1120 44 ) (-1764 1056 44 ) (-1764 1056 144 ) 
4 154 156 (-1764 1056 40 ) (-1764 1024 40 ) (-1764 1024 144 ) (-1764 1056 144 ) 
4 155 156 (-1796 1056 144 ) (-1796 1056 44 ) (-1764 1056 44 ) (-1764 1056 144 ) 
4 155 157 (-1796 1120 144 ) (-1796 1120 44 ) (-1796 1056 44 ) (-1796 1056 144 ) 
4 156 364 (-1764 1024 144 ) (-1796 1024 144 ) (-1796 1024 40 ) (-1764 1024 40 ) 
4 156 160 (-1768 1024 40 ) (-1792 1024 40 ) (-1792 1056 40 ) (-1768 1056 40 ) 
4 156 158 (-1764 1056 40 ) (-1764 1024 40 ) (-1768 1024 40 ) (-1768 1056 40 ) 
4 156 161 (-1792 1024 40 ) (-1796 1024 40 ) (-1796 1056 40 ) (-1792 1056 40 ) 
4 156 157 (-1796 1056 40 ) (-1796 1024 40 ) (-1796 1024 144 ) (-1796 1056 144 ) 
4 157 364 (-1796 1024 144 ) (-1888 1024 144 ) (-1888 1024 40 ) (-1796 1024 40 ) 
4 157 210 (-1888 1064 40 ) (-1888 1060 40 ) (-1888 1060 44 ) (-1888 1064 44 ) 
4 157 209 (-1888 1088 40 ) (-1888 1064 40 ) (-1888 1064 44 ) (-1888 1088 44 ) 
4 157 213 (-1888 1060 40 ) (-1888 1024 40 ) (-1888 1024 44 ) (-1888 1060 44 ) 
4 157 206 (-1888 1092 40 ) (-1888 1088 40 ) (-1888 1088 44 ) (-1888 1092 44 ) 
4 157 204 (-1888 1104 40 ) (-1888 1092 40 ) (-1888 1092 44 ) (-1888 1104 44 ) 
4 157 200 (-1888 1104 44 ) (-1888 1024 44 ) (-1888 1024 52 ) (-1888 1104 52 ) 
4 157 196 (-1888 1096 52 ) (-1888 1024 52 ) (-1888 1024 56 ) (-1888 1096 56 ) 
4 157 192 (-1888 1120 56 ) (-1888 1120 52 ) (-1888 1096 52 ) (-1888 1096 56 ) 
4 157 184 (-1888 1120 60 ) (-1888 1120 56 ) (-1888 1024 56 ) (-1888 1024 60 ) 
4 157 180 (-1888 1120 76 ) (-1888 1120 60 ) (-1888 1024 60 ) (-1888 1024 76 ) 
4 157 171 (-1888 1120 144 ) (-1888 1120 76 ) (-1888 1024 76 ) (-1888 1024 144 ) 
4 157 161 (-1888 1024 40 ) (-1888 1120 40 ) (-1796 1120 40 ) (-1796 1024 40 ) 
4 158 364 (-1768 1024 36 ) (-1764 1024 36 ) (-1764 1024 40 ) (-1768 1024 40 ) 
4 158 162 (-1768 1120 36 ) (-1764 1120 36 ) (-1764 1024 36 ) (-1768 1024 36 ) 
4 158 159 (-1768 1120 36 ) (-1768 1116 36 ) (-1768 1116 40 ) (-1768 1120 40 ) 
4 158 160 (-1768 1060 36 ) (-1768 1024 36 ) (-1768 1024 40 ) (-1768 1060 40 ) 
4 159 167 (-1792 1120 36 ) (-1788 1120 36 ) (-1788 1116 36 ) (-1792 1116 36 ) 
4 159 163 (-1772 1120 36 ) (-1768 1120 36 ) (-1768 1116 36 ) (-1772 1116 36 ) 
4 159 166 (-1788 1120 36 ) (-1772 1120 36 ) (-1772 1116 36 ) (-1788 1116 36 ) 
4 159 161 (-1792 1120 36 ) (-1792 1116 36 ) (-1792 1116 40 ) (-1792 1120 40 ) 
4 160 364 (-1792 1024 36 ) (-1768 1024 36 ) (-1768 1024 40 ) (-1792 1024 40 ) 
4 160 169 (-1788 1024 36 ) (-1792 1024 36 ) (-1792 1060 36 ) (-1788 1060 36 ) 
4 160 165 (-1768 1060 36 ) (-1768 1024 36 ) (-1772 1024 36 ) (-1772 1060 36 ) 
4 160 166 (-1772 1024 36 ) (-1788 1024 36 ) (-1788 1060 36 ) (-1772 1060 36 ) 
4 160 161 (-1792 1060 36 ) (-1792 1024 36 ) (-1792 1024 40 ) (-1792 1060 40 ) 
4 161 364 (-1888 1024 40 ) (-1888 1024 36 ) (-1792 1024 36 ) (-1792 1024 40 ) 
4 161 210 (-1888 1064 36 ) (-1888 1060 36 ) (-1888 1060 40 ) (-1888 1064 40 ) 
4 161 209 (-1888 1088 36 ) (-1888 1064 36 ) (-1888 1064 40 ) (-1888 1088 40 ) 
4 161 213 (-1888 1060 36 ) (-1888 1024 36 ) (-1888 1024 40 ) (-1888 1060 40 ) 
4 161 206 (-1888 1092 36 ) (-1888 1088 36 ) (-1888 1088 40 ) (-1888 1092 40 ) 
4 161 204 (-1888 1104 36 ) (-1888 1092 36 ) (-1888 1092 40 ) (-1888 1104 40 ) 
4 161 170 (-1888 1024 36 ) (-1888 1120 36 ) (-1792 1120 36 ) (-1792 1024 36 ) 
4 162 364 (-1768 1024 16 ) (-1764 1024 16 ) (-1764 1024 36 ) (-1768 1024 36 ) 
4 162 164 (-1768 1064 36 ) (-1768 1112 36 ) (-1768 1112 16 ) (-1768 1064 16 ) 
4 162 165 (-1768 1024 36 ) (-1768 1060 36 ) (-1768 1060 16 ) (-1768 1024 16 ) 
4 162 163 (-1768 1116 36 ) (-1768 1120 36 ) (-1768 1120 16 ) (-1768 1116 16 ) 
4 163 166 (-1772 1116 36 ) (-1772 1120 36 ) (-1772 1120 16 ) (-1772 1116 16 ) 
4 164 166 (-1772 1064 36 ) (-1772 1112 36 ) (-1772 1112 16 ) (-1772 1064 16 ) 
4 165 364 (-1772 1024 16 ) (-1768 1024 16 ) (-1768 1024 36 ) (-1772 1024 36 ) 
4 165 166 (-1772 1024 36 ) (-1772 1060 36 ) (-1772 1060 16 ) (-1772 1024 16 ) 
4 166 364 (-1788 1024 16 ) (-1772 1024 16 ) (-1772 1024 36 ) (-1788 1024 36 ) 
4 166 169 (-1788 1024 36 ) (-1788 1060 36 ) (-1788 1060 16 ) (-1788 1024 16 ) 
4 166 167 (-1788 1116 36 ) (-1788 1120 36 ) (-1788 1120 16 ) (-1788 1116 16 ) 
4 166 168 (-1788 1064 36 ) (-1788 1112 36 ) (-1788 1112 16 ) (-1788 1064 16 ) 
4 167 170 (-1792 1116 36 ) (-1792 1120 36 ) (-1792 1120 16 ) (-1792 1116 16 ) 
4 168 170 (-1792 1064 36 ) (-1792 1112 36 ) (-1792 1112 16 ) (-1792 1064 16 ) 
4 169 364 (-1792 1024 16 ) (-1788 1024 16 ) (-1788 1024 36 ) (-1792 1024 36 ) 
4 169 170 (-1792 1024 36 ) (-1792 1060 36 ) (-1792 1060 16 ) (-1792 1024 16 ) 
4 170 364 (-1888 1024 36 ) (-1888 1024 16 ) (-1792 1024 16 ) (-1792 1024 36 ) 
4 170 210 (-1888 1064 16 ) (-1888 1060 16 ) (-1888 1060 36 ) (-1888 1064 36 ) 
4 170 209 (-1888 1088 16 ) (-1888 1064 16 ) (-1888 1064 36 ) (-1888 1088 36 ) 
4 170 213 (-1888 1060 16 ) (-1888 1024 16 ) (-1888 1024 36 ) (-1888 1060 36 ) 
4 170 206 (-1888 1092 16 ) (-1888 1088 16 ) (-1888 1088 36 ) (-1888 1092 36 ) 
4 170 204 (-1888 1104 16 ) (-1888 1092 16 ) (-1888 1092 36 ) (-1888 1104 36 ) 
4 171 364 (-1888 1024 144 ) (-1900 1024 144 ) (-1900 1024 76 ) (-1888 1024 76 ) 
4 171 180 (-1900 1120 76 ) (-1888 1120 76 ) (-1888 1024 76 ) (-1900 1024 76 ) 
4 171 177 (-1900 1092 76 ) (-1900 1088 76 ) (-1900 1088 96 ) (-1900 1092 96 ) 
4 171 174 (-1900 1080 76 ) (-1900 1076 76 ) (-1900 1076 96 ) (-1900 1080 96 ) 
4 171 173 (-1900 1076 96 ) (-1900 1076 144 ) (-1900 1092 144 ) (-1900 1092 96 ) 
4 171 172 (-1900 1120 144 ) (-1900 1120 76 ) (-1900 1092 76 ) (-1900 1092 144 ) 
4 171 178 (-1900 1076 76 ) (-1900 1024 76 ) (-1900 1024 144 ) (-1900 1076 144 ) 
4 172 181 (-1910 1120 76 ) (-1906 1120 76 ) (-1906 1092 76 ) (-1910 1092 76 ) 
4 172 180 (-1906 1120 76 ) (-1900 1120 76 ) (-1900 1092 76 ) (-1906 1092 76 ) 
4 172 183 (-1916 1120 76 ) (-1910 1120 76 ) (-1910 1092 76 ) (-1916 1092 76 ) 
4 172 177 (-1904 1092 76 ) (-1900 1092 76 ) (-1900 1092 96 ) (-1904 1092 96 ) 
4 172 176 (-1916 1092 96 ) (-1916 1092 76 ) (-1912 1092 76 ) (-1912 1092 96 ) 
4 172 173 (-1916 1092 144 ) (-1916 1092 96 ) (-1900 1092 96 ) (-1900 1092 144 ) 
4 172 179 (-1916 1120 144 ) (-1916 1120 76 ) (-1916 1092 76 ) (-1916 1092 144 ) 
3 173 177 (-1904 1092 96 ) (-1900 1092 96 ) (-1900 1088 96 ) 
3 173 176 (-1916 1088 96 ) (-1916 1092 96 ) (-1912 1092 96 ) 
3 173 175 (-1912 1076 96 ) (-1916 1076 96 ) (-1916 1080 96 ) 
3 173 174 (-1900 1076 96 ) (-1904 1076 96 ) (-1900 1080 96 ) 
4 173 179 (-1916 1076 96 ) (-1916 1076 144 ) (-1916 1092 144 ) (-1916 1092 96 ) 
4 173 178 (-1916 1076 144 ) (-1916 1076 96 ) (-1900 1076 96 ) (-1900 1076 144 ) 
3 174 180 (-1900 1080 76 ) (-1900 1076 76 ) (-1904 1076 76 ) 
4 174 178 (-1904 1076 76 ) (-1900 1076 76 ) (-1900 1076 96 ) (-1904 1076 96 ) 
3 175 183 (-1912 1076 76 ) (-1916 1076 76 ) (-1916 1080 76 ) 
4 175 179 (-1916 1080 76 ) (-1916 1076 76 ) (-1916 1076 96 ) (-1916 1080 96 ) 
4 175 178 (-1916 1076 96 ) (-1916 1076 76 ) (-1912 1076 76 ) (-1912 1076 96 ) 
3 176 183 (-1916 1088 76 ) (-1916 1092 76 ) (-1912 1092 76 ) 
4 176 179 (-1916 1092 76 ) (-1916 1088 76 ) (-1916 1088 96 ) (-1916 1092 96 ) 
3 177 180 (-1900 1092 76 ) (-1900 1088 76 ) (-1904 1092 76 ) 
4 178 364 (-1900 1024 144 ) (-1916 1024 144 ) (-1916 1024 76 ) (-1900 1024 76 ) 
4 178 182 (-1906 1024 76 ) (-1910 1024 76 ) (-1910 1076 76 ) (-1906 1076 76 ) 
4 178 180 (-1900 1076 76 ) (-1900 1024 76 ) (-1906 1024 76 ) (-1906 1076 76 ) 
4 178 183 (-1910 1024 76 ) (-1916 1024 76 ) (-1916 1076 76 ) (-1910 1076 76 ) 
4 178 179 (-1916 1076 76 ) (-1916 1024 76 ) (-1916 1024 144 ) (-1916 1076 144 ) 
4 179 364 (-1916 1024 144 ) (-1952 1024 144 ) (-1952 1024 76 ) (-1916 1024 76 ) 
4 179 183 (-1952 1024 76 ) (-1952 1120 76 ) (-1916 1120 76 ) (-1916 1024 76 ) 
4 180 364 (-1906 1024 60 ) (-1888 1024 60 ) (-1888 1024 76 ) (-1906 1024 76 ) 
4 180 189 (-1902 1076 60 ) (-1906 1076 60 ) (-1906 1078 60 ) (-1902 1078 60 ) 
4 180 188 (-1906 1090 60 ) (-1906 1092 60 ) (-1902 1092 60 ) (-1902 1090 60 ) 
4 180 186 (-1900 1092 60 ) (-1900 1076 60 ) (-1902 1076 60 ) (-1902 1092 60 ) 
4 180 185 (-1906 1120 60 ) (-1900 1120 60 ) (-1900 1092 60 ) (-1906 1092 60 ) 
4 180 190 (-1900 1076 60 ) (-1900 1024 60 ) (-1906 1024 60 ) (-1906 1076 60 ) 
4 180 184 (-1900 1120 60 ) (-1888 1120 60 ) (-1888 1024 60 ) (-1900 1024 60 ) 
4 180 181 (-1906 1120 60 ) (-1906 1086 60 ) (-1906 1086 76 ) (-1906 1120 76 ) 
4 180 182 (-1906 1082 60 ) (-1906 1024 60 ) (-1906 1024 76 ) (-1906 1082 76 ) 
4 181 188 (-1906 1092 60 ) (-1906 1090 60 ) (-1910 1090 60 ) (-1910 1092 60 ) 
4 181 185 (-1910 1120 60 ) (-1906 1120 60 ) (-1906 1092 60 ) (-1910 1092 60 ) 
4 181 183 (-1910 1120 60 ) (-1910 1086 60 ) (-1910 1086 76 ) (-1910 1120 76 ) 
4 182 364 (-1910 1024 60 ) (-1906 1024 60 ) (-1906 1024 76 ) (-1910 1024 76 ) 
4 182 189 (-1906 1078 60 ) (-1906 1076 60 ) (-1910 1076 60 ) (-1910 1078 60 ) 
4 182 190 (-1906 1076 60 ) (-1906 1024 60 ) (-1910 1024 60 ) (-1910 1076 60 ) 
4 182 183 (-1910 1082 60 ) (-1910 1024 60 ) (-1910 1024 76 ) (-1910 1082 76 ) 
4 183 364 (-1952 1024 76 ) (-1952 1024 60 ) (-1910 1024 60 ) (-1910 1024 76 ) 
4 183 189 (-1910 1078 60 ) (-1910 1076 60 ) (-1914 1076 60 ) (-1914 1078 60 ) 
4 183 188 (-1910 1092 60 ) (-1910 1090 60 ) (-1914 1090 60 ) (-1914 1092 60 ) 
4 183 187 (-1914 1076 60 ) (-1916 1076 60 ) (-1916 1092 60 ) (-1914 1092 60 ) 
4 183 185 (-1916 1120 60 ) (-1910 1120 60 ) (-1910 1092 60 ) (-1916 1092 60 ) 
4 183 190 (-1910 1076 60 ) (-1910 1024 60 ) (-1916 1024 60 ) (-1916 1076 60 ) 
4 183 191 (-1952 1024 60 ) (-1952 1120 60 ) (-1916 1120 60 ) (-1916 1024 60 ) 
4 184 364 (-1900 1024 56 ) (-1888 1024 56 ) (-1888 1024 60 ) (-1900 1024 60 ) 
4 184 197 (-1892 1024 56 ) (-1900 1024 56 ) (-1900 1056 56 ) (-1892 1056 56 ) 
4 184 196 (-1888 1096 56 ) (-1888 1024 56 ) (-1892 1024 56 ) (-1892 1096 56 ) 
4 184 194 (-1892 1108 56 ) (-1892 1096 56 ) (-1900 1096 56 ) (-1900 1108 56 ) 
4 184 193 (-1900 1120 56 ) (-1892 1120 56 ) (-1892 1116 56 ) (-1900 1116 56 ) 
4 184 192 (-1892 1120 56 ) (-1888 1120 56 ) (-1888 1096 56 ) (-1892 1096 56 ) 
4 184 186 (-1900 1076 58 ) (-1900 1076 60 ) (-1900 1092 60 ) (-1900 1092 58 ) 
4 184 185 (-1900 1120 56 ) (-1900 1092 56 ) (-1900 1092 60 ) (-1900 1120 60 ) 
4 184 190 (-1900 1076 56 ) (-1900 1024 56 ) (-1900 1024 60 ) (-1900 1076 60 ) 
4 185 194 (-1900 1108 56 ) (-1900 1096 56 ) (-1916 1096 56 ) (-1916 1108 56 ) 
4 185 193 (-1916 1120 56 ) (-1900 1120 56 ) (-1900 1116 56 ) (-1916 1116 56 ) 
4 185 188 (-1916 1092 58 ) (-1900 1092 58 ) (-1902 1092 60 ) (-1914 1092 60 ) 
3 185 187 (-1916 1092 60 ) (-1916 1092 58 ) (-1914 1092 60 ) 
3 185 186 (-1900 1092 58 ) (-1900 1092 60 ) (-1902 1092 60 ) 
4 185 191 (-1916 1120 56 ) (-1916 1092 56 ) (-1916 1092 60 ) (-1916 1120 60 ) 
3 186 189 (-1900 1076 58 ) (-1902 1076 60 ) (-1902 1078 60 ) 
3 186 188 (-1902 1092 60 ) (-1900 1092 58 ) (-1902 1090 60 ) 
3 186 190 (-1900 1076 58 ) (-1900 1076 60 ) (-1902 1076 60 ) 
3 187 189 (-1914 1078 60 ) (-1914 1076 60 ) (-1916 1076 58 ) 
3 187 188 (-1916 1092 58 ) (-1914 1092 60 ) (-1914 1090 60 ) 
3 187 190 (-1916 1076 60 ) (-1916 1076 58 ) (-1914 1076 60 ) 
4 187 191 (-1916 1076 58 ) (-1916 1076 60 ) (-1916 1092 60 ) (-1916 1092 58 ) 
4 189 190 (-1916 1076 58 ) (-1900 1076 58 ) (-1902 1076 60 ) (-1914 1076 60 ) 
4 190 364 (-1916 1024 56 ) (-1900 1024 56 ) (-1900 1024 60 ) (-1916 1024 60 ) 
4 190 197 (-1900 1056 56 ) (-1900 1024 56 ) (-1916 1024 56 ) (-1916 1056 56 ) 
4 190 191 (-1916 1076 56 ) (-1916 1024 56 ) (-1916 1024 60 ) (-1916 1076 60 ) 
4 191 364 (-1952 1024 60 ) (-1952 1024 56 ) (-1916 1024 56 ) (-1916 1024 60 ) 
4 191 197 (-1916 1056 56 ) (-1916 1024 56 ) (-1932 1024 56 ) (-1932 1056 56 ) 
4 191 198 (-1952 1024 56 ) (-1952 1096 56 ) (-1932 1096 56 ) (-1932 1024 56 ) 
4 191 194 (-1916 1108 56 ) (-1916 1096 56 ) (-1944 1096 56 ) (-1944 1108 56 ) 
4 191 193 (-1944 1120 56 ) (-1916 1120 56 ) (-1916 1116 56 ) (-1944 1116 56 ) 
4 191 195 (-1952 1096 56 ) (-1952 1120 56 ) (-1944 1120 56 ) (-1944 1096 56 ) 
3 192 196 (-1888 1096 52 ) (-1888 1096 56 ) (-1892 1096 56 ) 
4 192 194 (-1888 1104 52 ) (-1888 1096 52 ) (-1892 1096 56 ) (-1892 1108 56 ) 
3 192 193 (-1888 1120 52 ) (-1892 1116 56 ) (-1892 1120 56 ) 
3 193 195 (-1944 1120 52 ) (-1944 1116 56 ) (-1944 1120 56 ) 
4 194 201 (-1896 1096 52 ) (-1928 1096 52 ) (-1928 1104 52 ) (-1896 1104 52 ) 
4 194 200 (-1888 1104 52 ) (-1888 1096 52 ) (-1896 1096 52 ) (-1896 1104 52 ) 
4 194 203 (-1928 1096 52 ) (-1944 1096 52 ) (-1944 1104 52 ) (-1928 1104 52 ) 
3 194 196 (-1892 1096 52 ) (-1888 1096 52 ) (-1892 1096 56 ) 
4 194 198 (-1944 1096 52 ) (-1932 1096 52 ) (-1932 1096 56 ) (-1944 1096 56 ) 
4 194 195 (-1944 1104 52 ) (-1944 1096 52 ) (-1944 1096 56 ) (-1944 1108 56 ) 
4 195 203 (-1952 1096 52 ) (-1952 1104 52 ) (-1944 1104 52 ) (-1944 1096 52 ) 
4 195 199 (-1952 1104 52 ) (-1952 1120 52 ) (-1944 1120 52 ) (-1944 1104 52 ) 
4 195 198 (-1952 1096 52 ) (-1944 1096 52 ) (-1944 1096 56 ) (-1952 1096 56 ) 
4 196 364 (-1892 1024 52 ) (-1888 1024 52 ) (-1888 1024 56 ) (-1892 1024 56 ) 
4 196 200 (-1892 1096 52 ) (-1888 1096 52 ) (-1888 1024 52 ) (-1892 1024 52 ) 
4 196 197 (-1892 1056 52 ) (-1892 1024 52 ) (-1892 1024 56 ) (-1892 1056 56 ) 
4 197 364 (-1932 1024 52 ) (-1892 1024 52 ) (-1892 1024 56 ) (-1932 1024 56 ) 
4 197 202 (-1896 1024 52 ) (-1928 1024 52 ) (-1928 1056 52 ) (-1896 1056 52 ) 
4 197 200 (-1892 1056 52 ) (-1892 1024 52 ) (-1896 1024 52 ) (-1896 1056 52 ) 
4 197 203 (-1928 1024 52 ) (-1932 1024 52 ) (-1932 1056 52 ) (-1928 1056 52 ) 
4 197 198 (-1932 1056 52 ) (-1932 1024 52 ) (-1932 1024 56 ) (-1932 1056 56 ) 
4 198 364 (-1952 1024 56 ) (-1952 1024 52 ) (-1932 1024 52 ) (-1932 1024 56 ) 
4 198 203 (-1952 1024 52 ) (-1952 1096 52 ) (-1932 1096 52 ) (-1932 1024 52 ) 
4 199 205 (-1952 1104 44 ) (-1952 1120 44 ) (-1944 1120 44 ) (-1944 1104 44 ) 
4 199 203 (-1952 1104 44 ) (-1944 1104 44 ) (-1944 1104 52 ) (-1952 1104 52 ) 
4 200 364 (-1896 1024 44 ) (-1888 1024 44 ) (-1888 1024 52 ) (-1896 1024 52 ) 
4 200 210 (-1888 1064 44 ) (-1888 1060 44 ) (-1896 1060 44 ) (-1896 1064 44 ) 
4 200 209 (-1888 1088 44 ) (-1888 1064 44 ) (-1896 1064 44 ) (-1896 1088 44 ) 
4 200 213 (-1888 1060 44 ) (-1888 1024 44 ) (-1896 1024 44 ) (-1896 1060 44 ) 
4 200 206 (-1888 1092 44 ) (-1888 1088 44 ) (-1896 1088 44 ) (-1896 1092 44 ) 
4 200 204 (-1896 1104 44 ) (-1888 1104 44 ) (-1888 1092 44 ) (-1896 1092 44 ) 
4 200 201 (-1896 1104 52 ) (-1896 1104 44 ) (-1896 1092 44 ) (-1896 1092 52 ) 
4 200 202 (-1896 1060 44 ) (-1896 1024 44 ) (-1896 1024 52 ) (-1896 1060 52 ) 
4 201 204 (-1928 1104 44 ) (-1896 1104 44 ) (-1896 1092 44 ) (-1928 1092 44 ) 
4 201 203 (-1928 1104 52 ) (-1928 1104 44 ) (-1928 1092 44 ) (-1928 1092 52 ) 
4 202 364 (-1928 1024 44 ) (-1896 1024 44 ) (-1896 1024 52 ) (-1928 1024 52 ) 
4 202 213 (-1896 1060 44 ) (-1896 1024 44 ) (-1928 1024 44 ) (-1928 1060 44 ) 
4 202 203 (-1928 1060 44 ) (-1928 1024 44 ) (-1928 1024 52 ) (-1928 1060 52 ) 
4 203 364 (-1952 1024 52 ) (-1952 1024 44 ) (-1928 1024 44 ) (-1928 1024 52 ) 
4 203 212 (-1952 1060 44 ) (-1952 1064 44 ) (-1928 1064 44 ) (-1928 1060 44 ) 
4 203 209 (-1952 1064 44 ) (-1952 1088 44 ) (-1928 1088 44 ) (-1928 1064 44 ) 
4 203 213 (-1952 1024 44 ) (-1952 1060 44 ) (-1928 1060 44 ) (-1928 1024 44 ) 
4 203 208 (-1952 1088 44 ) (-1952 1092 44 ) (-1928 1092 44 ) (-1928 1088 44 ) 
4 203 204 (-1944 1104 44 ) (-1928 1104 44 ) (-1928 1092 44 ) (-1944 1092 44 ) 
4 203 205 (-1952 1092 44 ) (-1952 1104 44 ) (-1944 1104 44 ) (-1944 1092 44 ) 
4 204 208 (-1928 1092 44 ) (-1944 1092 44 ) (-1944 1092 16 ) (-1928 1092 16 ) 
4 204 206 (-1888 1092 16 ) (-1888 1092 44 ) (-1896 1092 44 ) (-1896 1092 16 ) 
4 204 207 (-1900 1092 44 ) (-1924 1092 44 ) (-1924 1092 16 ) (-1900 1092 16 ) 
4 204 205 (-1944 1092 16 ) (-1944 1092 44 ) (-1944 1104 44 ) (-1944 1104 16 ) 
4 205 208 (-1944 1092 44 ) (-1952 1092 44 ) (-1952 1092 16 ) (-1944 1092 16 ) 
4 206 209 (-1888 1088 16 ) (-1888 1088 44 ) (-1896 1088 44 ) (-1896 1088 16 ) 
4 207 209 (-1900 1088 44 ) (-1924 1088 44 ) (-1924 1088 16 ) (-1900 1088 16 ) 
4 208 209 (-1928 1088 44 ) (-1952 1088 44 ) (-1952 1088 16 ) (-1928 1088 16 ) 
4 209 211 (-1900 1064 44 ) (-1924 1064 44 ) (-1924 1064 16 ) (-1900 1064 16 ) 
4 209 212 (-1928 1064 44 ) (-1952 1064 44 ) (-1952 1064 16 ) (-1928 1064 16 ) 
4 209 210 (-1888 1064 16 ) (-1888 1064 44 ) (-1896 1064 44 ) (-1896 1064 16 ) 
4 210 213 (-1888 1060 16 ) (-1888 1060 44 ) (-1896 1060 44 ) (-1896 1060 16 ) 
4 211 213 (-1900 1060 44 ) (-1924 1060 44 ) (-1924 1060 16 ) (-1900 1060 16 ) 
4 212 213 (-1928 1060 44 ) (-1952 1060 44 ) (-1952 1060 16 ) (-1928 1060 16 ) 
4 213 364 (-1952 1024 44 ) (-1952 1024 16 ) (-1888 1024 16 ) (-1888 1024 44 ) 
4 214 408 (-2048 2048 144 ) (-2048 2048 16 ) (-2048 1392 16 ) (-2048 1392 144 ) 
4 214 222 (-2048 2048 16 ) (-1952 2048 16 ) (-1952 1392 16 ) (-2048 1392 16 ) 
4 215 411 (-2048 1376 16 ) (-2048 1264 16 ) (-2048 1264 144 ) (-2048 1376 144 ) 
4 215 223 (-1952 1376 16 ) (-1952 1264 16 ) (-2048 1264 16 ) (-2048 1376 16 ) 
4 215 216 (-2048 1264 16 ) (-1968 1264 16 ) (-1968 1264 144 ) (-2048 1264 144 ) 
4 216 411 (-2048 1264 16 ) (-2048 1200 16 ) (-2048 1200 144 ) (-2048 1264 144 ) 
4 216 228 (-1968 1200 16 ) (-2048 1200 16 ) (-2048 1264 16 ) (-1968 1264 16 ) 
4 216 220 (-2048 1200 16 ) (-1968 1200 16 ) (-1968 1200 80 ) (-2048 1200 80 ) 
4 216 219 (-1968 1200 80 ) (-1968 1200 128 ) (-2048 1200 128 ) (-2048 1200 80 ) 
4 216 217 (-1968 1200 128 ) (-1968 1200 144 ) (-2048 1200 144 ) (-2048 1200 128 ) 
4 217 411 (-2048 1136 128 ) (-2048 1136 144 ) (-2048 1200 144 ) (-2048 1200 128 ) 
4 217 221 (-1968 1136 144 ) (-2048 1136 144 ) (-2048 1136 128 ) (-1968 1136 128 ) 
4 217 219 (-1968 1136 128 ) (-2048 1136 128 ) (-2048 1200 128 ) (-1968 1200 128 ) 
4 219 411 (-2048 1136 80 ) (-2048 1136 128 ) (-2048 1200 128 ) (-2048 1200 80 ) 
4 219 221 (-1968 1136 128 ) (-2048 1136 128 ) (-2048 1136 80 ) (-1968 1136 80 ) 
4 219 220 (-1968 1136 80 ) (-2048 1136 80 ) (-2048 1200 80 ) (-1968 1200 80 ) 
4 220 411 (-2048 1200 16 ) (-2048 1136 16 ) (-2048 1136 80 ) (-2048 1200 80 ) 
4 220 228 (-1968 1136 16 ) (-2048 1136 16 ) (-2048 1200 16 ) (-1968 1200 16 ) 
4 220 221 (-2048 1136 16 ) (-1968 1136 16 ) (-1968 1136 80 ) (-2048 1136 80 ) 
4 221 411 (-2048 1136 16 ) (-2048 1024 16 ) (-2048 1024 144 ) (-2048 1136 144 ) 
4 221 365 (-1968 1024 144 ) (-2048 1024 144 ) (-2048 1024 16 ) (-1968 1024 16 ) 
4 221 228 (-1968 1024 16 ) (-2048 1024 16 ) (-2048 1136 16 ) (-1968 1136 16 ) 
4 222 408 (-2048 2048 16 ) (-2048 2048 -120 ) (-2048 1392 -120 ) (-2048 1392 16 ) 
4 222 229 (-2048 1392 -120 ) (-2048 2048 -120 ) (-1024 2048 -120 ) (-1024 1392 -120 ) 
4 223 411 (-2048 1376 -120 ) (-2048 1264 -120 ) (-2048 1264 16 ) (-2048 1376 16 ) 
4 223 229 (-2048 1264 -120 ) (-2048 1376 -120 ) (-1024 1376 -120 ) (-1024 1264 -120 ) 
4 223 227 (-1968 1264 -120 ) (-1360 1264 -120 ) (-1360 1264 0 ) (-1968 1264 0 ) 
4 223 228 (-2048 1264 -120 ) (-1968 1264 -120 ) (-1968 1264 16 ) (-2048 1264 16 ) 
4 223 225 (-1360 1264 -120 ) (-1216 1264 -120 ) (-1216 1264 16 ) (-1360 1264 16 ) 
4 223 224 (-1216 1264 -120 ) (-1024 1264 -120 ) (-1024 1264 16 ) (-1216 1264 16 ) 
4 224 392 (-1216 1024 0 ) (-1216 1024 -120 ) (-1088 1024 -120 ) (-1088 1024 0 ) 
4 224 372 (-1024 1024 -120 ) (-1024 1024 0 ) (-1088 1024 0 ) (-1088 1024 -120 ) 
4 224 229 (-1024 1024 -120 ) (-1216 1024 -120 ) (-1216 1264 -120 ) (-1024 1264 -120 ) 
4 224 226 (-1216 1232 -120 ) (-1216 1024 -120 ) (-1216 1024 0 ) (-1216 1232 0 ) 
4 224 225 (-1216 1264 16 ) (-1216 1264 -120 ) (-1216 1232 -120 ) (-1216 1232 16 ) 
4 225 229 (-1360 1232 -120 ) (-1360 1264 -120 ) (-1216 1264 -120 ) (-1216 1232 -120 ) 
4 225 227 (-1360 1264 0 ) (-1360 1264 -120 ) (-1360 1232 -120 ) (-1360 1232 0 ) 
4 225 226 (-1360 1232 0 ) (-1360 1232 -120 ) (-1216 1232 -120 ) (-1216 1232 0 ) 
4 226 392 (-1360 1024 0 ) (-1360 1024 -120 ) (-1216 1024 -120 ) (-1216 1024 0 ) 
4 226 229 (-1216 1024 -120 ) (-1360 1024 -120 ) (-1360 1232 -120 ) (-1216 1232 -120 ) 
4 226 227 (-1360 1232 -120 ) (-1360 1024 -120 ) (-1360 1024 0 ) (-1360 1232 0 ) 
4 227 392 (-1968 1024 0 ) (-1968 1024 -120 ) (-1360 1024 -120 ) (-1360 1024 0 ) 
4 227 229 (-1360 1024 -120 ) (-1968 1024 -120 ) (-1968 1264 -120 ) (-1360 1264 -120 ) 
4 227 228 (-1968 1264 0 ) (-1968 1264 -120 ) (-1968 1024 -120 ) (-1968 1024 0 ) 
4 228 411 (-2048 1264 -120 ) (-2048 1024 -120 ) (-2048 1024 16 ) (-2048 1264 16 ) 
4 228 392 (-2048 1024 0 ) (-2048 1024 -120 ) (-1968 1024 -120 ) (-1968 1024 0 ) 
4 228 391 (-1968 1024 16 ) (-2048 1024 16 ) (-2048 1024 0 ) (-1968 1024 0 ) 
4 228 229 (-1968 1024 -120 ) (-2048 1024 -120 ) (-2048 1264 -120 ) (-1968 1264 -120 ) 
4 229 410 (-2048 1392 -592 ) (-2048 1376 -592 ) (-2048 1376 -120 ) (-2048 1392 -120 ) 
4 229 408 (-2048 2048 -120 ) (-2048 2048 -592 ) (-2048 1392 -592 ) (-2048 1392 -120 ) 
4 229 411 (-2048 1376 -592 ) (-2048 1024 -592 ) (-2048 1024 -120 ) (-2048 1376 -120 ) 
4 229 392 (-1088 1024 -120 ) (-2048 1024 -120 ) (-2048 1024 -592 ) (-1088 1024 -592 ) 
4 229 372 (-1024 1024 -592 ) (-1024 1024 -120 ) (-1088 1024 -120 ) (-1088 1024 -592 ) 
4 230 314 (0 704 -136 ) (0 704 656 ) (-816 704 656 ) (-816 704 -136 ) 
4 230 233 (0 704 -136 ) (-816 704 -136 ) (-816 1024 -136 ) (0 1024 -136 ) 
4 230 232 (-816 704 -104 ) (-816 704 656 ) (-816 792 656 ) (-816 792 -104 ) 
4 230 231 (-816 1024 -136 ) (-816 792 -136 ) (-816 792 656 ) (-816 1024 656 ) 
4 231 242 (-912 1024 -120 ) (-912 1024 -136 ) (-912 792 -136 ) (-912 792 -120 ) 
4 231 235 (-912 944 64 ) (-912 880 64 ) (-912 880 128 ) (-912 944 128 ) 
4 231 234 (-912 1024 656 ) (-912 1024 272 ) (-912 792 272 ) (-912 792 656 ) 
4 231 233 (-912 792 -136 ) (-912 1024 -136 ) (-816 1024 -136 ) (-816 792 -136 ) 
4 231 232 (-816 792 -104 ) (-816 792 656 ) (-912 792 656 ) (-912 792 -104 ) 
4 232 315 (-816 704 656 ) (-912 704 656 ) (-912 704 -104 ) (-816 704 -104 ) 
4 232 241 (-912 720 4 ) (-912 768 4 ) (-912 768 -104 ) (-912 720 -104 ) 
4 232 238 (-912 712 128 ) (-912 776 128 ) (-912 776 64 ) (-912 712 64 ) 
4 232 234 (-912 704 272 ) (-912 704 656 ) (-912 792 656 ) (-912 792 272 ) 
4 233 317 (0 704 -592 ) (0 704 -136 ) (-912 704 -136 ) (-912 704 -592 ) 
4 233 242 (-912 1024 -136 ) (-912 1024 -592 ) (-912 704 -592 ) (-912 704 -136 ) 
4 234 318 (-912 704 272 ) (-912 704 656 ) (-928 704 656 ) (-928 704 272 ) 
4 234 243 (-928 704 272 ) (-928 704 656 ) (-928 1024 656 ) (-928 1024 272 ) 
4 235 236 (-914 944 128 ) (-914 944 64 ) (-914 880 64 ) (-914 880 128 ) 
4 236 237 (-916 944 128 ) (-916 944 64 ) (-916 880 64 ) (-916 880 128 ) 
4 237 273 (-928 880 128 ) (-928 900 128 ) (-928 900 64 ) (-928 880 64 ) 
4 237 269 (-928 900 128 ) (-928 908 128 ) (-928 908 64 ) (-928 900 64 ) 
4 237 265 (-928 908 128 ) (-928 910 128 ) (-928 910 64 ) (-928 908 64 ) 
4 237 260 (-928 910 128 ) (-928 914 128 ) (-928 914 64 ) (-928 910 64 ) 
4 237 254 (-928 914 128 ) (-928 916 128 ) (-928 916 64 ) (-928 914 64 ) 
4 237 249 (-928 916 128 ) (-928 944 128 ) (-928 944 64 ) (-928 916 64 ) 
4 238 239 (-914 776 128 ) (-914 776 64 ) (-914 712 64 ) (-914 712 128 ) 
4 239 240 (-916 776 128 ) (-916 776 64 ) (-916 712 64 ) (-916 712 128 ) 
4 240 274 (-928 712 128 ) (-928 776 128 ) (-928 776 64 ) (-928 712 64 ) 
4 241 310 (-928 768 -96 ) (-928 768 -104 ) (-928 720 -104 ) (-928 720 -96 ) 
4 241 308 (-928 768 -88 ) (-928 768 -96 ) (-928 720 -96 ) (-928 720 -88 ) 
4 241 306 (-928 768 -80 ) (-928 768 -88 ) (-928 720 -88 ) (-928 720 -80 ) 
4 241 304 (-928 768 -72 ) (-928 768 -80 ) (-928 720 -80 ) (-928 720 -72 ) 
4 241 303 (-928 768 -64 ) (-928 768 -72 ) (-928 720 -72 ) (-928 720 -64 ) 
4 241 301 (-928 720 4 ) (-928 768 4 ) (-928 768 -64 ) (-928 720 -64 ) 
4 242 320 (-912 704 -592 ) (-912 704 -136 ) (-928 704 -136 ) (-928 704 -592 ) 
4 242 313 (-928 704 -592 ) (-928 704 -120 ) (-928 784 -120 ) (-928 784 -592 ) 
4 242 300 (-928 784 -120 ) (-928 800 -120 ) (-928 800 -592 ) (-928 784 -592 ) 
4 242 299 (-928 800 -120 ) (-928 1024 -120 ) (-928 1024 -592 ) (-928 800 -592 ) 
4 243 332 (-1024 704 160 ) (-1024 704 176 ) (-1024 848 176 ) (-1024 848 160 ) 
4 243 331 (-1024 704 176 ) (-1024 704 656 ) (-1024 848 656 ) (-1024 848 176 ) 
4 243 326 (-1024 1024 176 ) (-1024 1024 160 ) (-1024 848 160 ) (-1024 848 176 ) 
4 243 323 (-1024 848 656 ) (-1024 1024 656 ) (-1024 1024 176 ) (-1024 848 176 ) 
4 243 319 (-976 704 656 ) (-1024 704 656 ) (-1024 704 272 ) (-976 704 272 ) 
4 243 318 (-928 704 272 ) (-928 704 656 ) (-976 704 656 ) (-976 704 272 ) 
4 244 292 (-972 976 56 ) (-976 976 56 ) (-976 1008 56 ) (-972 1008 56 ) 
4 244 250 (-934 976 56 ) (-930 976 56 ) (-930 976 144 ) (-934 976 144 ) 
4 244 249 (-930 976 56 ) (-928 976 56 ) (-928 976 144 ) (-930 976 144 ) 
4 244 253 (-976 976 56 ) (-934 976 56 ) (-934 976 144 ) (-976 976 144 ) 
4 244 247 (-976 978 56 ) (-976 976 56 ) (-976 976 100 ) (-976 978 100 ) 
4 244 245 (-976 1008 144 ) (-976 1008 100 ) (-976 976 100 ) (-976 976 144 ) 
4 245 343 (-1024 976 144 ) (-1024 1008 144 ) (-1024 1008 100 ) (-1024 976 100 ) 
4 245 257 (-976 976 100 ) (-976 976 144 ) (-1024 976 144 ) (-1024 976 100 ) 
4 245 248 (-976 978 100 ) (-978 976 100 ) (-1022 976 100 ) (-1024 978 100 ) 
3 245 247 (-976 978 100 ) (-976 976 100 ) (-978 976 100 ) 
3 245 246 (-1022 976 100 ) (-1024 976 100 ) (-1024 978 100 ) 
4 246 343 (-1024 978 56 ) (-1024 976 56 ) (-1024 976 100 ) (-1024 978 100 ) 
3 246 293 (-1022 976 56 ) (-1024 976 56 ) (-1024 978 56 ) 
4 246 258 (-1022 976 68 ) (-1022 976 70 ) (-1024 976 70 ) (-1024 976 68 ) 
3 246 248 (-1024 978 100 ) (-1022 976 100 ) (-1022 976 98 ) 
3 247 294 (-976 976 56 ) (-978 976 56 ) (-976 978 56 ) 
4 247 258 (-976 976 68 ) (-976 976 70 ) (-978 976 70 ) (-978 976 68 ) 
3 247 248 (-978 976 98 ) (-978 976 100 ) (-976 978 100 ) 
4 249 255 (-930 916 56 ) (-928 916 56 ) (-928 916 58 ) (-930 916 58 ) 
4 249 254 (-928 916 58 ) (-928 916 144 ) (-930 916 144 ) (-930 916 58 ) 
4 249 251 (-930 920 62 ) (-930 920 144 ) (-930 924 144 ) (-930 924 62 ) 
4 249 250 (-930 976 144 ) (-930 976 56 ) (-930 924 56 ) (-930 924 144 ) 
4 249 252 (-930 920 56 ) (-930 916 56 ) (-930 916 144 ) (-930 920 144 ) 
4 250 251 (-934 924 144 ) (-934 924 62 ) (-930 924 62 ) (-930 924 144 ) 
4 250 253 (-934 976 144 ) (-934 976 56 ) (-934 924 56 ) (-934 924 144 ) 
4 251 253 (-934 920 62 ) (-934 920 144 ) (-934 924 144 ) (-934 924 62 ) 
4 251 252 (-934 920 144 ) (-934 920 62 ) (-930 920 62 ) (-930 920 144 ) 
4 252 254 (-930 916 58 ) (-930 916 144 ) (-934 916 144 ) (-934 916 58 ) 
4 252 253 (-934 920 56 ) (-934 916 56 ) (-934 916 144 ) (-934 920 144 ) 
4 253 295 (-972 916 56 ) (-976 916 56 ) (-976 976 56 ) (-972 976 56 ) 
4 253 275 (-936 916 56 ) (-964 916 56 ) (-964 932 56 ) (-936 932 56 ) 
4 253 258 (-976 976 70 ) (-976 976 68 ) (-976 972 68 ) (-976 972 70 ) 
4 253 257 (-976 976 144 ) (-976 976 100 ) (-976 972 100 ) (-976 972 144 ) 
4 253 259 (-976 972 56 ) (-976 916 56 ) (-976 916 144 ) (-976 972 144 ) 
4 253 256 (-976 916 58 ) (-976 916 56 ) (-934 916 56 ) (-934 916 58 ) 
4 253 254 (-976 916 144 ) (-976 916 58 ) (-934 916 58 ) (-934 916 144 ) 
4 254 263 (-944 914 64 ) (-976 914 64 ) (-976 914 58 ) (-944 914 58 ) 
4 254 262 (-940 914 60 ) (-940 914 58 ) (-934 914 58 ) (-934 914 60 ) 
4 254 261 (-928 914 58 ) (-928 914 64 ) (-930 914 64 ) (-930 914 58 ) 
4 254 260 (-928 914 64 ) (-928 914 144 ) (-976 914 144 ) (-976 914 64 ) 
4 254 259 (-976 914 58 ) (-976 914 144 ) (-976 916 144 ) (-976 916 58 ) 
4 254 256 (-936 914 58 ) (-976 914 58 ) (-976 916 58 ) (-934 916 58 ) 
3 254 255 (-928 914 58 ) (-930 916 58 ) (-928 916 58 ) 
4 256 295 (-972 914 56 ) (-976 914 56 ) (-976 916 56 ) (-972 916 56 ) 
4 256 275 (-936 914 56 ) (-964 914 56 ) (-964 916 56 ) (-936 916 56 ) 
4 256 264 (-976 914 56 ) (-936 914 56 ) (-936 914 58 ) (-976 914 58 ) 
4 256 259 (-976 916 56 ) (-976 914 56 ) (-976 914 58 ) (-976 916 58 ) 
4 257 343 (-1024 972 144 ) (-1024 976 144 ) (-1024 976 100 ) (-1024 972 100 ) 
4 257 259 (-976 972 100 ) (-976 972 144 ) (-1024 972 144 ) (-1024 972 100 ) 
4 258 343 (-1024 976 70 ) (-1024 976 68 ) (-1024 972 68 ) (-1024 972 70 ) 
4 258 259 (-976 972 68 ) (-976 972 70 ) (-1024 972 70 ) (-1024 972 68 ) 
4 259 343 (-1024 914 144 ) (-1024 972 144 ) (-1024 972 56 ) (-1024 914 56 ) 
4 259 296 (-976 914 56 ) (-1024 914 56 ) (-1024 972 56 ) (-976 972 56 ) 
4 259 264 (-1024 914 56 ) (-976 914 56 ) (-976 914 58 ) (-1024 914 58 ) 
4 259 263 (-976 914 58 ) (-976 914 64 ) (-1024 914 64 ) (-1024 914 58 ) 
4 259 260 (-976 914 64 ) (-976 914 144 ) (-1024 914 144 ) (-1024 914 64 ) 
4 260 343 (-1024 910 144 ) (-1024 914 144 ) (-1024 914 64 ) (-1024 910 64 ) 
4 260 265 (-928 910 64 ) (-928 910 144 ) (-936 910 144 ) (-936 910 64 ) 
4 260 268 (-936 910 144 ) (-1024 910 144 ) (-1024 910 64 ) (-936 910 64 ) 
4 260 263 (-944 910 64 ) (-1024 910 64 ) (-1024 914 64 ) (-944 914 64 ) 
4 260 261 (-928 910 64 ) (-930 910 64 ) (-930 914 64 ) (-928 914 64 ) 
4 261 265 (-928 910 58 ) (-928 910 64 ) (-930 910 64 ) (-930 910 58 ) 
4 262 265 (-936 910 58 ) (-934 910 58 ) (-934 910 60 ) (-936 910 60 ) 
4 262 268 (-940 910 60 ) (-940 910 58 ) (-936 910 58 ) (-936 910 60 ) 
4 262 264 (-936 910 58 ) (-940 910 58 ) (-940 914 58 ) (-936 914 58 ) 
4 263 343 (-1024 914 64 ) (-1024 914 58 ) (-1024 910 58 ) (-1024 910 64 ) 
4 263 268 (-944 910 64 ) (-1024 910 64 ) (-1024 910 58 ) (-944 910 58 ) 
4 263 264 (-944 910 58 ) (-1024 910 58 ) (-1024 914 58 ) (-944 914 58 ) 
4 264 343 (-1024 914 58 ) (-1024 914 56 ) (-1024 910 56 ) (-1024 910 58 ) 
4 264 296 (-976 910 56 ) (-1024 910 56 ) (-1024 914 56 ) (-976 914 56 ) 
4 264 295 (-972 910 56 ) (-976 910 56 ) (-976 914 56 ) (-972 914 56 ) 
4 264 275 (-936 910 56 ) (-964 910 56 ) (-964 914 56 ) (-936 914 56 ) 
4 264 268 (-1024 910 56 ) (-936 910 56 ) (-936 910 58 ) (-1024 910 58 ) 
4 265 270 (-930 908 144 ) (-934 908 144 ) (-934 908 58 ) (-930 908 58 ) 
4 265 269 (-928 908 58 ) (-928 908 144 ) (-930 908 144 ) (-930 908 58 ) 
4 265 272 (-934 908 144 ) (-936 908 144 ) (-936 908 58 ) (-934 908 58 ) 
3 265 267 (-934 908 58 ) (-936 908 58 ) (-936 910 58 ) 
3 265 266 (-928 908 58 ) (-930 908 58 ) (-928 910 58 ) 
4 265 268 (-936 910 144 ) (-936 910 58 ) (-936 908 58 ) (-936 908 144 ) 
4 266 269 (-930 908 56 ) (-928 908 56 ) (-928 908 58 ) (-930 908 58 ) 
4 267 272 (-936 908 56 ) (-934 908 56 ) (-934 908 58 ) (-936 908 58 ) 
4 267 268 (-936 910 58 ) (-936 910 56 ) (-936 908 56 ) (-936 908 58 ) 
4 268 343 (-1024 908 144 ) (-1024 910 144 ) (-1024 910 56 ) (-1024 908 56 ) 
4 268 296 (-976 908 56 ) (-1024 908 56 ) (-1024 910 56 ) (-976 910 56 ) 
4 268 295 (-972 908 56 ) (-976 908 56 ) (-976 910 56 ) (-972 910 56 ) 
4 268 275 (-936 908 56 ) (-964 908 56 ) (-964 910 56 ) (-936 910 56 ) 
4 268 272 (-1024 908 56 ) (-936 908 56 ) (-936 908 144 ) (-1024 908 144 ) 
4 269 273 (-930 900 56 ) (-928 900 56 ) (-928 900 144 ) (-930 900 144 ) 
4 269 271 (-930 900 62 ) (-930 900 144 ) (-930 904 144 ) (-930 904 62 ) 
4 269 270 (-930 908 144 ) (-930 908 56 ) (-930 904 56 ) (-930 904 144 ) 
4 270 271 (-934 904 144 ) (-934 904 62 ) (-930 904 62 ) (-930 904 144 ) 
4 270 272 (-934 908 144 ) (-934 908 56 ) (-934 904 56 ) (-934 904 144 ) 
4 271 273 (-930 900 62 ) (-930 900 144 ) (-934 900 144 ) (-934 900 62 ) 
4 271 272 (-934 900 62 ) (-934 900 144 ) (-934 904 144 ) (-934 904 62 ) 
4 272 343 (-1024 900 144 ) (-1024 908 144 ) (-1024 908 56 ) (-1024 900 56 ) 
4 272 296 (-976 900 56 ) (-1024 900 56 ) (-1024 908 56 ) (-976 908 56 ) 
4 272 295 (-972 900 56 ) (-976 900 56 ) (-976 908 56 ) (-972 908 56 ) 
4 272 275 (-936 900 56 ) (-964 900 56 ) (-964 908 56 ) (-936 908 56 ) 
4 272 273 (-1024 900 56 ) (-934 900 56 ) (-934 900 144 ) (-1024 900 144 ) 
4 273 343 (-1024 800 144 ) (-1024 900 144 ) (-1024 900 56 ) (-1024 800 56 ) 
4 273 297 (-942 800 56 ) (-1024 800 56 ) (-1024 852 56 ) (-942 852 56 ) 
4 273 296 (-976 852 56 ) (-1024 852 56 ) (-1024 900 56 ) (-976 900 56 ) 
4 273 295 (-972 852 56 ) (-976 852 56 ) (-976 900 56 ) (-972 900 56 ) 
4 273 275 (-964 892 56 ) (-964 900 56 ) (-936 900 56 ) (-936 892 56 ) 
4 274 366 (-1024 704 56 ) (-1024 704 144 ) (-1024 784 144 ) (-1024 784 56 ) 
4 274 298 (-928 784 56 ) (-928 704 56 ) (-1024 704 56 ) (-1024 784 56 ) 
4 275 280 (-936 932 54 ) (-936 892 54 ) (-964 892 54 ) (-964 932 54 ) 
4 276 287 (-966 936 42 ) (-966 1008 42 ) (-934 1008 42 ) (-934 936 42 ) 
4 276 286 (-934 1008 42 ) (-928 1008 42 ) (-928 936 42 ) (-934 936 42 ) 
4 276 278 (-966 936 52 ) (-966 936 42 ) (-934 936 42 ) (-934 936 52 ) 
4 276 277 (-934 936 42 ) (-928 936 42 ) (-928 936 52 ) (-934 936 52 ) 
4 277 286 (-934 936 42 ) (-928 936 42 ) (-928 932 42 ) (-934 932 42 ) 
4 277 279 (-934 932 42 ) (-928 932 42 ) (-928 932 54 ) (-934 932 54 ) 
4 277 278 (-934 936 54 ) (-934 936 42 ) (-934 934 42 ) (-934 934 54 ) 
4 278 287 (-966 934 42 ) (-966 936 42 ) (-934 936 42 ) (-934 934 42 ) 
4 278 284 (-966 934 52 ) (-966 934 54 ) (-966 936 54 ) (-966 936 52 ) 
4 279 286 (-934 932 42 ) (-928 932 42 ) (-928 892 42 ) (-934 892 42 ) 
4 279 281 (-934 892 42 ) (-928 892 42 ) (-928 892 54 ) (-934 892 54 ) 
4 281 286 (-934 892 42 ) (-928 892 42 ) (-928 888 42 ) (-934 888 42 ) 
4 281 283 (-934 888 42 ) (-928 888 42 ) (-928 888 52 ) (-934 888 52 ) 
4 281 282 (-934 890 42 ) (-934 888 42 ) (-934 888 54 ) (-934 890 54 ) 
4 282 289 (-966 888 42 ) (-966 890 42 ) (-934 890 42 ) (-934 888 42 ) 
4 282 284 (-966 888 52 ) (-966 888 54 ) (-966 890 54 ) (-966 890 52 ) 
4 282 283 (-966 888 52 ) (-966 888 42 ) (-934 888 42 ) (-934 888 52 ) 
4 283 297 (-942 852 52 ) (-966 852 52 ) (-966 852 42 ) (-942 852 42 ) 
4 283 289 (-934 852 42 ) (-966 852 42 ) (-966 888 42 ) (-934 888 42 ) 
4 283 286 (-928 852 42 ) (-934 852 42 ) (-934 888 42 ) (-928 888 42 ) 
4 285 297 (-972 852 52 ) (-972 852 42 ) (-968 852 42 ) (-968 852 52 ) 
4 285 295 (-972 976 42 ) (-972 852 42 ) (-972 852 52 ) (-972 976 52 ) 
4 285 292 (-972 1008 52 ) (-972 1008 42 ) (-972 976 42 ) (-972 976 52 ) 
4 285 290 (-968 852 42 ) (-970 852 42 ) (-970 1008 42 ) (-968 1008 42 ) 
4 285 291 (-970 852 42 ) (-972 852 42 ) (-972 1008 42 ) (-970 1008 42 ) 
4 286 288 (-934 934 40 ) (-934 934 16 ) (-934 890 16 ) (-934 890 40 ) 
4 286 287 (-934 934 42 ) (-934 1008 42 ) (-934 1008 16 ) (-934 934 16 ) 
4 286 289 (-934 852 16 ) (-934 852 42 ) (-934 890 42 ) (-934 890 16 ) 
4 287 288 (-966 934 40 ) (-966 934 16 ) (-934 934 16 ) (-934 934 40 ) 
4 288 289 (-966 890 40 ) (-966 890 16 ) (-934 890 16 ) (-934 890 40 ) 
4 289 297 (-966 852 16 ) (-942 852 16 ) (-942 852 42 ) (-966 852 42 ) 
4 290 297 (-968 852 20 ) (-968 852 42 ) (-970 852 42 ) (-970 852 18 ) 
4 290 291 (-970 852 18 ) (-970 852 42 ) (-970 1008 42 ) (-970 1008 18 ) 
4 291 297 (-972 852 16 ) (-970 852 16 ) (-970 852 42 ) (-972 852 42 ) 
4 291 295 (-972 976 16 ) (-972 852 16 ) (-972 852 42 ) (-972 976 42 ) 
4 291 292 (-972 1008 42 ) (-972 1008 16 ) (-972 976 16 ) (-972 976 42 ) 
4 292 295 (-976 976 16 ) (-972 976 16 ) (-972 976 56 ) (-976 976 56 ) 
4 292 294 (-976 978 16 ) (-976 976 16 ) (-976 976 56 ) (-976 978 56 ) 
4 293 343 (-1024 976 56 ) (-1024 978 56 ) (-1024 978 16 ) (-1024 976 16 ) 
4 295 297 (-976 852 16 ) (-972 852 16 ) (-972 852 56 ) (-976 852 56 ) 
4 295 296 (-976 972 16 ) (-976 852 16 ) (-976 852 56 ) (-976 972 56 ) 
4 296 343 (-1024 852 56 ) (-1024 972 56 ) (-1024 972 16 ) (-1024 852 16 ) 
4 296 297 (-1024 852 16 ) (-976 852 16 ) (-976 852 56 ) (-1024 852 56 ) 
4 297 343 (-1024 800 56 ) (-1024 852 56 ) (-1024 852 16 ) (-1024 800 16 ) 
4 298 366 (-1024 704 16 ) (-1024 704 56 ) (-1024 784 56 ) (-1024 784 16 ) 
4 298 302 (-1016 704 16 ) (-1024 704 16 ) (-1024 784 16 ) (-1016 784 16 ) 
4 298 301 (-928 784 16 ) (-928 704 16 ) (-1016 704 16 ) (-1016 784 16 ) 
4 299 372 (-1024 800 -592 ) (-1024 800 0 ) (-1024 1024 0 ) (-1024 1024 -592 ) 
4 299 300 (-928 800 -592 ) (-928 800 -120 ) (-1024 800 -120 ) (-1024 800 -592 ) 
4 300 373 (-1024 784 -592 ) (-1024 784 -120 ) (-1024 800 -120 ) (-1024 800 -592 ) 
4 300 313 (-928 784 -592 ) (-928 784 -120 ) (-1024 784 -120 ) (-1024 784 -592 ) 
4 301 303 (-1008 784 -64 ) (-928 784 -64 ) (-928 704 -64 ) (-1008 704 -64 ) 
4 301 302 (-1016 784 16 ) (-1016 784 -56 ) (-1016 704 -56 ) (-1016 704 16 ) 
4 302 385 (-1024 704 -48 ) (-1024 704 -40 ) (-1024 784 -40 ) (-1024 784 -48 ) 
4 302 383 (-1024 704 -40 ) (-1024 704 -32 ) (-1024 784 -32 ) (-1024 784 -40 ) 
4 302 381 (-1024 704 -32 ) (-1024 704 -24 ) (-1024 784 -24 ) (-1024 784 -32 ) 
4 302 379 (-1024 704 -24 ) (-1024 704 -16 ) (-1024 784 -16 ) (-1024 784 -24 ) 
4 302 377 (-1024 704 -16 ) (-1024 704 -8 ) (-1024 784 -8 ) (-1024 784 -16 ) 
4 302 376 (-1024 704 -8 ) (-1024 704 0 ) (-1024 784 0 ) (-1024 784 -8 ) 
4 302 374 (-1024 704 0 ) (-1024 704 16 ) (-1024 784 16 ) (-1024 784 0 ) 
4 303 304 (-1000 784 -72 ) (-928 784 -72 ) (-928 704 -72 ) (-1000 704 -72 ) 
4 304 306 (-992 784 -80 ) (-928 784 -80 ) (-928 704 -80 ) (-992 704 -80 ) 
4 305 389 (-1024 704 -80 ) (-1024 704 -72 ) (-1024 784 -72 ) (-1024 784 -80 ) 
4 305 307 (-1024 784 -80 ) (-1016 784 -80 ) (-1016 704 -80 ) (-1024 704 -80 ) 
4 306 308 (-984 784 -88 ) (-928 784 -88 ) (-928 704 -88 ) (-984 704 -88 ) 
4 307 389 (-1024 704 -88 ) (-1024 704 -80 ) (-1024 784 -80 ) (-1024 784 -88 ) 
4 307 309 (-1024 784 -88 ) (-1008 784 -88 ) (-1008 704 -88 ) (-1024 704 -88 ) 
4 308 310 (-976 784 -96 ) (-928 784 -96 ) (-928 704 -96 ) (-976 704 -96 ) 
4 309 389 (-1024 704 -96 ) (-1024 704 -88 ) (-1024 784 -88 ) (-1024 784 -96 ) 
4 309 311 (-1024 784 -96 ) (-1000 784 -96 ) (-1000 704 -96 ) (-1024 704 -96 ) 
4 311 389 (-1024 704 -104 ) (-1024 704 -96 ) (-1024 784 -96 ) (-1024 784 -104 ) 
4 311 312 (-1024 784 -104 ) (-992 784 -104 ) (-992 704 -104 ) (-1024 704 -104 ) 
4 312 389 (-1024 704 -120 ) (-1024 704 -104 ) (-1024 784 -104 ) (-1024 784 -120 ) 
4 312 313 (-1024 784 -120 ) (-992 784 -120 ) (-992 704 -120 ) (-1024 704 -120 ) 
4 313 389 (-1024 704 -592 ) (-1024 704 -120 ) (-1024 784 -120 ) (-1024 784 -592 ) 
4 313 320 (-928 704 -592 ) (-928 704 -136 ) (-976 704 -136 ) (-976 704 -592 ) 
4 313 321 (-976 704 -120 ) (-1024 704 -120 ) (-1024 704 -592 ) (-976 704 -592 ) 
4 314 322 (0 688 -136 ) (0 688 656 ) (-816 688 656 ) (-816 688 -136 ) 
4 314 317 (0 688 -136 ) (-816 688 -136 ) (-816 704 -136 ) (0 704 -136 ) 
4 314 315 (-816 696 -104 ) (-816 696 656 ) (-816 704 656 ) (-816 704 -104 ) 
4 314 316 (-816 696 -136 ) (-816 688 -136 ) (-816 688 656 ) (-816 696 656 ) 
4 315 318 (-912 704 656 ) (-912 704 272 ) (-912 696 272 ) (-912 696 656 ) 
4 315 316 (-816 696 -104 ) (-816 696 656 ) (-912 696 656 ) (-912 696 -104 ) 
4 316 322 (-816 688 656 ) (-912 688 656 ) (-912 688 -136 ) (-816 688 -136 ) 
4 316 318 (-912 688 272 ) (-912 688 656 ) (-912 696 656 ) (-912 696 272 ) 
4 316 317 (-816 688 -136 ) (-912 688 -136 ) (-912 696 -136 ) (-816 696 -136 ) 
4 317 322 (0 688 -592 ) (0 688 -136 ) (-912 688 -136 ) (-912 688 -592 ) 
4 317 320 (-912 704 -136 ) (-912 704 -592 ) (-912 688 -592 ) (-912 688 -136 ) 
4 318 322 (-912 688 272 ) (-912 688 656 ) (-976 688 656 ) (-976 688 272 ) 
4 318 319 (-976 704 656 ) (-976 704 272 ) (-976 688 272 ) (-976 688 656 ) 
4 319 393 (-1024 688 272 ) (-1024 688 656 ) (-1024 704 656 ) (-1024 704 272 ) 
4 319 322 (-1024 688 656 ) (-1024 688 272 ) (-976 688 272 ) (-976 688 656 ) 
4 320 322 (-976 688 -592 ) (-912 688 -592 ) (-912 688 -136 ) (-976 688 -136 ) 
4 320 321 (-976 704 -592 ) (-976 688 -592 ) (-976 688 -136 ) (-976 704 -136 ) 
4 321 401 (-1024 688 -592 ) (-1024 688 -136 ) (-1024 704 -136 ) (-1024 704 -592 ) 
4 321 400 (-1024 688 -136 ) (-1024 688 -120 ) (-1024 704 -120 ) (-1024 704 -136 ) 
4 321 322 (-1024 688 -120 ) (-1024 688 -592 ) (-976 688 -592 ) (-976 688 -120 ) 
4 322 402 (-1024 496 656 ) (-1024 688 656 ) (-1024 688 -592 ) (-1024 496 -592 ) 
4 323 331 (-1024 848 176 ) (-1024 848 656 ) (-1440 848 656 ) (-1440 848 176 ) 
4 323 326 (-1024 848 176 ) (-1416 848 176 ) (-1416 1024 176 ) (-1024 1024 176 ) 
4 323 324 (-1440 848 184 ) (-1440 848 656 ) (-1440 1024 656 ) (-1440 1024 184 ) 
4 324 331 (-1440 848 656 ) (-1888 848 656 ) (-1888 848 184 ) (-1440 848 184 ) 
4 324 325 (-1888 848 184 ) (-1888 848 656 ) (-1888 1024 656 ) (-1888 1024 184 ) 
4 325 412 (-2048 1024 656 ) (-2048 1024 176 ) (-2048 848 176 ) (-2048 848 656 ) 
4 325 331 (-1888 848 656 ) (-2048 848 656 ) (-2048 848 176 ) (-1888 848 176 ) 
4 325 330 (-1912 848 176 ) (-2048 848 176 ) (-2048 1024 176 ) (-1912 1024 176 ) 
4 326 332 (-1416 848 160 ) (-1024 848 160 ) (-1024 848 176 ) (-1416 848 176 ) 
4 327 328 (-1440 1024 160 ) (-1440 848 160 ) (-1440 848 168 ) (-1440 1024 168 ) 
4 328 339 (-1872 1024 160 ) (-1456 1024 160 ) (-1456 864 160 ) (-1872 864 160 ) 
4 328 334 (-1888 848 160 ) (-1440 848 160 ) (-1440 848 168 ) (-1888 848 168 ) 
4 328 329 (-1888 1024 160 ) (-1888 848 160 ) (-1888 848 168 ) (-1888 1024 168 ) 
4 330 412 (-2048 1024 176 ) (-2048 1024 160 ) (-2048 848 160 ) (-2048 848 176 ) 
4 330 342 (-2048 848 160 ) (-2048 1024 160 ) (-1968 1024 160 ) (-1968 848 160 ) 
4 330 337 (-2048 848 160 ) (-1912 848 160 ) (-1912 848 176 ) (-2048 848 176 ) 
4 331 412 (-2048 704 176 ) (-2048 704 656 ) (-2048 848 656 ) (-2048 848 176 ) 
4 331 399 (-2048 704 656 ) (-2048 704 272 ) (-1200 704 272 ) (-1200 704 656 ) 
4 331 395 (-1136 704 272 ) (-1136 704 656 ) (-1200 704 656 ) (-1200 704 272 ) 
4 331 394 (-1088 704 272 ) (-1088 704 656 ) (-1136 704 656 ) (-1136 704 272 ) 
4 331 393 (-1024 704 272 ) (-1024 704 656 ) (-1088 704 656 ) (-1088 704 272 ) 
4 331 336 (-1888 704 176 ) (-1912 704 176 ) (-1912 824 176 ) (-1888 824 176 ) 
4 331 337 (-1912 704 176 ) (-2048 704 176 ) (-2048 848 176 ) (-1912 848 176 ) 
4 331 335 (-1440 704 176 ) (-1888 704 176 ) (-1888 824 176 ) (-1440 824 176 ) 
4 331 333 (-1416 704 176 ) (-1440 704 176 ) (-1440 824 176 ) (-1416 824 176 ) 
4 331 332 (-1024 704 176 ) (-1416 704 176 ) (-1416 848 176 ) (-1024 848 176 ) 
4 332 338 (-1360 704 160 ) (-1416 704 160 ) (-1416 768 160 ) (-1360 768 160 ) 
4 332 333 (-1416 704 176 ) (-1416 824 176 ) (-1416 824 160 ) (-1416 704 160 ) 
4 333 338 (-1416 704 160 ) (-1440 704 160 ) (-1440 768 160 ) (-1416 768 160 ) 
4 333 335 (-1440 704 176 ) (-1440 824 176 ) (-1440 824 160 ) (-1440 704 160 ) 
4 335 341 (-1872 704 160 ) (-1888 704 160 ) (-1888 768 160 ) (-1872 768 160 ) 
4 335 340 (-1456 704 160 ) (-1872 704 160 ) (-1872 768 160 ) (-1456 768 160 ) 
4 335 338 (-1440 704 160 ) (-1456 704 160 ) (-1456 768 160 ) (-1440 768 160 ) 
4 335 336 (-1888 704 176 ) (-1888 824 176 ) (-1888 824 160 ) (-1888 704 160 ) 
4 336 341 (-1888 704 160 ) (-1912 704 160 ) (-1912 768 160 ) (-1888 768 160 ) 
4 336 337 (-1912 704 176 ) (-1912 824 176 ) (-1912 824 160 ) (-1912 704 160 ) 
4 337 412 (-2048 704 160 ) (-2048 704 176 ) (-2048 848 176 ) (-2048 848 160 ) 
4 337 341 (-1912 704 160 ) (-1968 704 160 ) (-1968 768 160 ) (-1912 768 160 ) 
4 337 342 (-1968 704 160 ) (-2048 704 160 ) (-2048 848 160 ) (-1968 848 160 ) 
4 338 369 (-1376 704 144 ) (-1456 704 144 ) (-1456 768 144 ) (-1376 768 144 ) 
4 338 368 (-1360 704 144 ) (-1376 704 144 ) (-1376 768 144 ) (-1360 768 144 ) 
4 338 340 (-1456 768 144 ) (-1456 704 144 ) (-1456 704 160 ) (-1456 768 160 ) 
4 339 364 (-1872 864 144 ) (-1872 1024 144 ) (-1456 1024 144 ) (-1456 864 144 ) 
4 340 369 (-1456 704 144 ) (-1872 704 144 ) (-1872 768 144 ) (-1456 768 144 ) 
4 340 341 (-1872 768 144 ) (-1872 704 144 ) (-1872 704 160 ) (-1872 768 160 ) 
4 341 370 (-1952 704 144 ) (-1968 704 144 ) (-1968 768 144 ) (-1952 768 144 ) 
4 341 369 (-1872 704 144 ) (-1952 704 144 ) (-1952 768 144 ) (-1872 768 144 ) 
4 341 342 (-1968 768 144 ) (-1968 704 144 ) (-1968 704 160 ) (-1968 768 160 ) 
4 342 412 (-2048 704 144 ) (-2048 704 160 ) (-2048 1024 160 ) (-2048 1024 144 ) 
4 342 371 (-1968 704 144 ) (-2048 704 144 ) (-2048 784 144 ) (-1968 784 144 ) 
4 342 365 (-2048 784 144 ) (-2048 1024 144 ) (-1968 1024 144 ) (-1968 784 144 ) 
4 343 344 (-1088 1008 16 ) (-1088 944 16 ) (-1088 944 144 ) (-1088 1008 144 ) 
4 344 345 (-1104 1008 16 ) (-1104 944 16 ) (-1104 944 144 ) (-1104 1008 144 ) 
4 345 348 (-1136 1008 16 ) (-1136 928 16 ) (-1136 928 144 ) (-1136 1008 144 ) 
4 345 346 (-1136 928 144 ) (-1136 928 128 ) (-1104 928 128 ) (-1104 928 144 ) 
4 346 349 (-1136 848 128 ) (-1136 848 144 ) (-1136 928 144 ) (-1136 928 128 ) 
4 346 347 (-1136 848 144 ) (-1136 848 128 ) (-1104 848 128 ) (-1104 848 144 ) 
4 347 350 (-1136 848 16 ) (-1136 800 16 ) (-1136 800 144 ) (-1136 848 144 ) 
4 348 349 (-1138 928 144 ) (-1138 928 26 ) (-1136 928 26 ) (-1136 928 144 ) 
4 348 351 (-1138 1008 144 ) (-1138 1008 16 ) (-1138 928 16 ) (-1138 928 144 ) 
4 349 351 (-1138 848 26 ) (-1138 848 144 ) (-1138 928 144 ) (-1138 928 26 ) 
4 349 350 (-1138 848 144 ) (-1138 848 26 ) (-1136 848 26 ) (-1136 848 144 ) 
4 350 352 (-1138 800 16 ) (-1136 800 16 ) (-1136 800 120 ) (-1138 800 120 ) 
4 350 351 (-1138 848 16 ) (-1138 800 16 ) (-1138 800 144 ) (-1138 848 144 ) 
4 351 353 (-1216 944 16 ) (-1216 816 16 ) (-1216 816 144 ) (-1216 944 144 ) 
4 351 352 (-1200 800 16 ) (-1138 800 16 ) (-1138 800 120 ) (-1200 800 120 ) 
4 352 366 (-1200 784 16 ) (-1136 784 16 ) (-1136 784 120 ) (-1200 784 120 ) 
4 353 354 (-1232 944 16 ) (-1232 816 16 ) (-1232 816 144 ) (-1232 944 144 ) 
4 355 363 (-1392 1024 16 ) (-1392 816 16 ) (-1392 816 24 ) (-1392 1024 24 ) 
4 355 362 (-1392 784 76 ) (-1392 784 144 ) (-1392 786 144 ) (-1392 786 76 ) 
4 355 357 (-1392 786 144 ) (-1392 816 144 ) (-1392 816 76 ) (-1392 786 76 ) 
4 355 356 (-1392 816 144 ) (-1392 1024 144 ) (-1392 1024 24 ) (-1392 816 24 ) 
4 356 364 (-1456 816 144 ) (-1456 1024 144 ) (-1456 1024 24 ) (-1456 816 24 ) 
4 356 363 (-1456 816 24 ) (-1456 1024 24 ) (-1392 1024 24 ) (-1392 816 24 ) 
4 356 361 (-1454 816 24 ) (-1394 816 24 ) (-1394 816 46 ) (-1454 816 46 ) 
4 356 360 (-1394 816 46 ) (-1394 816 48 ) (-1454 816 48 ) (-1454 816 46 ) 
4 356 358 (-1394 816 50 ) (-1394 816 74 ) (-1454 816 74 ) (-1454 816 50 ) 
4 356 357 (-1456 816 144 ) (-1456 816 76 ) (-1392 816 76 ) (-1392 816 144 ) 
4 357 364 (-1456 786 144 ) (-1456 816 144 ) (-1456 816 76 ) (-1456 786 76 ) 
4 357 362 (-1456 786 144 ) (-1456 786 76 ) (-1392 786 76 ) (-1392 786 144 ) 
4 358 359 (-1454 812 74 ) (-1454 812 72 ) (-1394 812 72 ) (-1394 812 74 ) 
4 360 361 (-1454 812 46 ) (-1454 816 46 ) (-1394 816 46 ) (-1394 812 46 ) 
4 362 364 (-1456 784 76 ) (-1456 784 144 ) (-1456 786 144 ) (-1456 786 76 ) 
4 363 364 (-1456 1024 16 ) (-1456 816 16 ) (-1456 816 24 ) (-1456 1024 24 ) 
4 365 412 (-2048 784 144 ) (-2048 1024 144 ) (-2048 1024 16 ) (-2048 784 16 ) 
4 365 391 (-2048 784 16 ) (-2048 1024 16 ) (-1968 1024 16 ) (-1968 784 16 ) 
4 365 371 (-2048 784 16 ) (-1968 784 16 ) (-1968 784 144 ) (-2048 784 144 ) 
4 366 396 (-1136 704 64 ) (-1136 704 128 ) (-1200 704 128 ) (-1200 704 64 ) 
4 366 375 (-1080 704 16 ) (-1088 704 16 ) (-1088 784 16 ) (-1080 784 16 ) 
4 366 374 (-1024 704 16 ) (-1080 704 16 ) (-1080 784 16 ) (-1024 784 16 ) 
4 367 368 (-1360 768 16 ) (-1360 704 16 ) (-1360 704 144 ) (-1360 768 144 ) 
4 368 390 (-1360 704 16 ) (-1376 704 16 ) (-1376 768 16 ) (-1360 768 16 ) 
4 368 369 (-1376 768 16 ) (-1376 704 16 ) (-1376 704 144 ) (-1376 768 144 ) 
4 369 390 (-1376 704 16 ) (-1952 704 16 ) (-1952 768 16 ) (-1376 768 16 ) 
4 369 370 (-1952 768 16 ) (-1952 704 16 ) (-1952 704 144 ) (-1952 768 144 ) 
4 370 390 (-1952 704 16 ) (-1968 704 16 ) (-1968 768 16 ) (-1952 768 16 ) 
4 370 371 (-1968 768 16 ) (-1968 704 16 ) (-1968 704 144 ) (-1968 768 144 ) 
4 371 412 (-2048 704 16 ) (-2048 704 144 ) (-2048 784 144 ) (-2048 784 16 ) 
4 371 391 (-1968 704 16 ) (-2048 704 16 ) (-2048 784 16 ) (-1968 784 16 ) 
4 372 392 (-1088 800 -592 ) (-1088 800 0 ) (-1088 1024 0 ) (-1088 1024 -592 ) 
4 372 373 (-1088 800 -120 ) (-1088 800 -592 ) (-1024 800 -592 ) (-1024 800 -120 ) 
4 373 392 (-1088 784 -592 ) (-1088 784 -120 ) (-1088 800 -120 ) (-1088 800 -592 ) 
4 373 389 (-1088 784 -120 ) (-1088 784 -592 ) (-1024 784 -592 ) (-1024 784 -120 ) 
4 374 376 (-1024 704 0 ) (-1072 704 0 ) (-1072 784 0 ) (-1024 784 0 ) 
4 374 375 (-1080 784 16 ) (-1080 784 8 ) (-1080 704 8 ) (-1080 704 16 ) 
4 376 377 (-1024 704 -8 ) (-1064 704 -8 ) (-1064 784 -8 ) (-1024 784 -8 ) 
4 377 379 (-1024 704 -16 ) (-1056 704 -16 ) (-1056 784 -16 ) (-1024 784 -16 ) 
4 378 392 (-1088 704 -16 ) (-1088 704 -8 ) (-1088 784 -8 ) (-1088 784 -16 ) 
4 378 380 (-1080 704 -16 ) (-1088 704 -16 ) (-1088 784 -16 ) (-1080 784 -16 ) 
4 379 381 (-1024 704 -24 ) (-1048 704 -24 ) (-1048 784 -24 ) (-1024 784 -24 ) 
4 380 392 (-1088 704 -24 ) (-1088 704 -16 ) (-1088 784 -16 ) (-1088 784 -24 ) 
4 380 382 (-1072 704 -24 ) (-1088 704 -24 ) (-1088 784 -24 ) (-1072 784 -24 ) 
4 381 383 (-1024 704 -32 ) (-1040 704 -32 ) (-1040 784 -32 ) (-1024 784 -32 ) 
4 382 392 (-1088 704 -32 ) (-1088 704 -24 ) (-1088 784 -24 ) (-1088 784 -32 ) 
4 382 384 (-1064 704 -32 ) (-1088 704 -32 ) (-1088 784 -32 ) (-1064 784 -32 ) 
4 383 385 (-1024 704 -40 ) (-1032 704 -40 ) (-1032 784 -40 ) (-1024 784 -40 ) 
4 384 392 (-1088 704 -40 ) (-1088 704 -32 ) (-1088 784 -32 ) (-1088 784 -40 ) 
4 384 386 (-1056 704 -40 ) (-1088 704 -40 ) (-1088 784 -40 ) (-1056 784 -40 ) 
4 386 392 (-1088 704 -48 ) (-1088 704 -40 ) (-1088 784 -40 ) (-1088 784 -48 ) 
4 386 387 (-1048 704 -48 ) (-1088 704 -48 ) (-1088 784 -48 ) (-1048 784 -48 ) 
4 387 392 (-1088 704 -56 ) (-1088 704 -48 ) (-1088 784 -48 ) (-1088 784 -56 ) 
4 387 388 (-1040 704 -56 ) (-1088 704 -56 ) (-1088 784 -56 ) (-1040 784 -56 ) 
4 388 392 (-1088 704 -64 ) (-1088 704 -56 ) (-1088 784 -56 ) (-1088 784 -64 ) 
4 388 389 (-1032 704 -64 ) (-1088 704 -64 ) (-1088 784 -64 ) (-1032 784 -64 ) 
4 389 401 (-1024 704 -592 ) (-1024 704 -136 ) (-1088 704 -136 ) (-1088 704 -592 ) 
4 389 400 (-1024 704 -136 ) (-1024 704 -120 ) (-1088 704 -120 ) (-1088 704 -136 ) 
4 389 392 (-1088 704 -592 ) (-1088 704 -64 ) (-1088 784 -64 ) (-1088 784 -592 ) 
4 390 392 (-1360 768 0 ) (-1360 704 0 ) (-1968 704 0 ) (-1968 768 0 ) 
4 390 391 (-1968 768 0 ) (-1968 704 0 ) (-1968 704 16 ) (-1968 768 16 ) 
4 391 412 (-2048 704 0 ) (-2048 704 16 ) (-2048 1024 16 ) (-2048 1024 0 ) 
4 391 392 (-2048 1024 0 ) (-1968 1024 0 ) (-1968 704 0 ) (-2048 704 0 ) 
4 392 412 (-2048 704 -592 ) (-2048 704 0 ) (-2048 1024 0 ) (-2048 1024 -592 ) 
4 392 401 (-2048 704 -136 ) (-2048 704 -592 ) (-1088 704 -592 ) (-1088 704 -136 ) 
4 393 403 (-1072 688 656 ) (-1088 688 656 ) (-1088 688 272 ) (-1072 688 272 ) 
4 393 402 (-1024 688 272 ) (-1024 688 656 ) (-1072 688 656 ) (-1072 688 272 ) 
4 393 394 (-1088 704 656 ) (-1088 704 272 ) (-1088 688 272 ) (-1088 688 656 ) 
4 394 406 (-1136 688 656 ) (-1136 688 272 ) (-1088 688 272 ) (-1088 688 656 ) 
4 394 395 (-1136 704 656 ) (-1136 704 272 ) (-1136 688 272 ) (-1136 688 656 ) 
4 395 406 (-1200 688 656 ) (-1200 688 272 ) (-1136 688 272 ) (-1136 688 656 ) 
4 395 399 (-1200 704 656 ) (-1200 704 272 ) (-1200 688 272 ) (-1200 688 656 ) 
4 396 397 (-1200 692 64 ) (-1136 692 64 ) (-1136 692 128 ) (-1200 692 128 ) 
4 397 398 (-1200 690 64 ) (-1136 690 64 ) (-1136 690 128 ) (-1200 690 128 ) 
4 398 406 (-1200 688 128 ) (-1200 688 64 ) (-1136 688 64 ) (-1136 688 128 ) 
4 399 413 (-2048 688 272 ) (-2048 688 656 ) (-2048 704 656 ) (-2048 704 272 ) 
4 399 406 (-2048 688 656 ) (-2048 688 272 ) (-1200 688 272 ) (-1200 688 656 ) 
4 400 404 (-1072 688 -120 ) (-1088 688 -120 ) (-1088 688 -136 ) (-1072 688 -136 ) 
4 400 402 (-1024 688 -136 ) (-1024 688 -120 ) (-1072 688 -120 ) (-1072 688 -136 ) 
4 400 401 (-1024 688 -136 ) (-1088 688 -136 ) (-1088 704 -136 ) (-1024 704 -136 ) 
4 401 414 (-2048 688 -592 ) (-2048 688 -136 ) (-2048 704 -136 ) (-2048 704 -592 ) 
4 401 407 (-2048 688 -144 ) (-2048 688 -592 ) (-1088 688 -592 ) (-1088 688 -144 ) 
4 401 405 (-1072 688 -136 ) (-1088 688 -136 ) (-1088 688 -592 ) (-1072 688 -592 ) 
4 401 402 (-1024 688 -592 ) (-1024 688 -136 ) (-1072 688 -136 ) (-1072 688 -592 ) 
4 402 404 (-1072 496 -136 ) (-1072 496 272 ) (-1072 688 272 ) (-1072 688 -136 ) 
4 402 403 (-1072 496 272 ) (-1072 496 656 ) (-1072 688 656 ) (-1072 688 272 ) 
4 402 405 (-1072 688 -592 ) (-1072 496 -592 ) (-1072 496 -136 ) (-1072 688 -136 ) 
4 403 406 (-1088 496 272 ) (-1088 496 656 ) (-1088 688 656 ) (-1088 688 272 ) 
4 403 404 (-1088 496 272 ) (-1088 688 272 ) (-1072 688 272 ) (-1072 496 272 ) 
4 404 406 (-1088 496 -128 ) (-1088 496 272 ) (-1088 688 272 ) (-1088 688 -128 ) 
4 404 405 (-1088 496 -136 ) (-1088 688 -136 ) (-1072 688 -136 ) (-1072 496 -136 ) 
4 405 407 (-1088 688 -592 ) (-1088 496 -592 ) (-1088 496 -144 ) (-1088 688 -144 ) 
4 406 415 (-2048 496 -128 ) (-2048 496 656 ) (-2048 688 656 ) (-2048 688 -128 ) 
4 407 416 (-2048 496 -592 ) (-2048 496 -144 ) (-2048 688 -144 ) (-2048 688 -592 ) 
4 408 409 (-2096 1392 656 ) (-2096 1392 272 ) (-2048 1392 272 ) (-2048 1392 656 ) 
4 408 410 (-2096 1392 -120 ) (-2096 1392 -592 ) (-2048 1392 -592 ) (-2048 1392 -120 ) 
4 409 411 (-2096 1376 656 ) (-2096 1376 272 ) (-2048 1376 272 ) (-2048 1376 656 ) 
4 410 411 (-2096 1376 -120 ) (-2096 1376 -592 ) (-2048 1376 -592 ) (-2048 1376 -120 ) 
4 411 412 (-2048 1024 -592 ) (-2048 1024 656 ) (-2096 1024 656 ) (-2096 1024 -592 ) 
4 412 413 (-2096 704 656 ) (-2096 704 272 ) (-2048 704 272 ) (-2048 704 656 ) 
4 412 414 (-2096 704 -136 ) (-2096 704 -592 ) (-2048 704 -592 ) (-2048 704 -136 ) 
4 413 415 (-2096 688 656 ) (-2096 688 272 ) (-2048 688 272 ) (-2048 688 656 ) 
4 414 416 (-2096 688 -144 ) (-2096 688 -592 ) (-2048 688 -592 ) (-2048 688 -144 ) 
